<?xml version="1.0" encoding="UTF-8"?>
<testsuites name="TestDemo" time="473" tests="21" failures="1" errors="0">
   <testsuite name="TestDemo" tests="21" failures="1" errors="0" time="473" timestamp="2018-09-10 10:52:02" hostname="kikosana - KIKOSANA-T450S.callidussoftware.com" id="Test Suites/TestDemo">
      <properties>
         <property name="deviceName" value=""/>
         <property name="devicePlatform" value=""/>
         <property name="logFolder" value="C:\\Users\\kikosana\\Downloads\\UAT_Commission-master (2)\\UAT_Commission-master\\Reports\\TestDemo\\20180910_105200"/>
         <property name="logFiles" value="C:\\Users\\kikosana\\Downloads\\UAT_Commission-master (2)\\UAT_Commission-master\\Reports\\TestDemo\\20180910_105200\\execution0.log"/>
         <property name="attachments" value="C:\\Users\\kikosana\\Downloads\\UAT_Commission-master (2)\\UAT_Commission-master\\Reports\\TestDemo\\20180910_105200\\1536602254368.png"/>
         <property name="hostName" value="kikosana - KIKOSANA-T450S.callidussoftware.com"/>
         <property name="os" value="Windows 10 64bit"/>
         <property name="katalonVersion" value="5.6.3.1"/>
         <property name="browser" value="Chrome 68.0.3440.106"/>
         <property name="hostAddress" value="10.125.199.25"/>
         <property name="sessionId" value="1d9df65d124c079c2abc4f7fed4b48cf"/>
         <property name="seleniumVersion" value="3.7.1"/>
         <property name="proxyInformation" value="ProxyInformation{proxyOption=NO_PROXY, proxyServerType=HTTP, password=, proxyServerAddress=, proxyServerPort=0}"/>
         <property name="platform" value="Windows 10"/>
      </properties>
      <testcase name="Test Cases/Commission Login" classname="Test Cases/Commission Login" status="PASSED">
         <system-out><![CDATA[2018-09-10 10:52:02 - [TEST_CASE][PASSED] - Test Cases/Commission Login: Test Cases/Commission Login

2018-09-10 10:52:03 - [TEST_STEP][PASSED] - openBrowser: Browser is opened with url: ''

2018-09-10 10:52:06 - [MESSAGE][PASSED] - Browser is opened with url: ''

2018-09-10 10:52:06 - [TEST_STEP][PASSED] - navigateToUrl: Navigate to 'https://biz3-tst.callidusondemand.com/SalesPortal/#!/' successfully

2018-09-10 10:52:08 - [MESSAGE][PASSED] - Navigate to 'https://biz3-tst.callidusondemand.com/SalesPortal/#!/' successfully

2018-09-10 10:52:08 - [TEST_STEP][PASSED] - maximizeWindow: Current window maximized

2018-09-10 10:52:09 - [MESSAGE][PASSED] - Current window maximized

2018-09-10 10:52:09 - [TEST_STEP][PASSED] - setText: Text 'kikosana@calliduscloud.com' is set on object 'Object Repository/Page_Sales Performance Home/input_username'

2018-09-10 10:52:09 - [MESSAGE][PASSED] - Text 'kikosana@calliduscloud.com' is set on object 'Object Repository/Page_Sales Performance Home/input_username'

2018-09-10 10:52:09 - [TEST_STEP][PASSED] - setText: Text 'Kiran09@@' is set on object 'Object Repository/Page_Sales Performance Home/input_password'

2018-09-10 10:52:09 - [MESSAGE][PASSED] - Text 'Kiran09@@' is set on object 'Object Repository/Page_Sales Performance Home/input_password'

2018-09-10 10:52:09 - [TEST_STEP][PASSED] - click: Object: 'Object Repository/Page_Sales Performance Home/button_Login' is clicked on

2018-09-10 10:52:10 - [MESSAGE][PASSED] - Object: 'Object Repository/Page_Sales Performance Home/button_Login' is clicked on

2018-09-10 10:52:10 - [TEST_STEP][PASSED] - click: Object: 'Object Repository/Page_Sales Performance Home/span_Sales Performance Home' is clicked on

2018-09-10 10:52:11 - [MESSAGE][PASSED] - Object: 'Object Repository/Page_Sales Performance Home/span_Sales Performance Home' is clicked on

2018-09-10 10:52:11 - [TEST_STEP][PASSED] - click: Object: 'Object Repository/Page_Sales Performance Home/a_Commissions' is clicked on

2018-09-10 10:52:12 - [MESSAGE][PASSED] - Object: 'Object Repository/Page_Sales Performance Home/a_Commissions' is clicked on

2018-09-10 10:52:12 - [TEST_STEP][PASSED] - click: Object: 'Object Repository/Page_Callidus Cloud Commissions Man/a_Manage Setup' is clicked on

2018-09-10 10:52:16 - [MESSAGE][PASSED] - Object: 'Object Repository/Page_Callidus Cloud Commissions Man/a_Manage Setup' is clicked on]]></system-out>
         <system-err><![CDATA[]]></system-err>
      </testcase>
      <testcase name="Test Cases/Credit Rule exists in the system" classname="Test Cases/Credit Rule exists in the system" status="PASSED">
         <system-out><![CDATA[2018-09-10 10:52:16 - [TEST_CASE][PASSED] - Test Cases/Credit Rule exists in the system: Test Cases/Credit Rule exists in the system

2018-09-10 10:52:17 - [TEST_STEP][NOT_RUN] - callTestCase: NOT_RUN: callTestCase

2018-09-10 10:52:17 - [MESSAGE][NOT_RUN] - NOT_RUN: callTestCase

2018-09-10 10:52:17 - [TEST_STEP][PASSED] - delay: Delayed 5 second(s)

2018-09-10 10:52:22 - [MESSAGE][PASSED] - Delayed 5 second(s)

2018-09-10 10:52:22 - [TEST_STEP][PASSED] - mouseOver: Object: 'Object Repository/Page_Plan Tab/a_Plan' is hovered

2018-09-10 10:52:22 - [MESSAGE][PASSED] - Object: 'Object Repository/Page_Plan Tab/a_Plan' is hovered

2018-09-10 10:52:22 - [TEST_STEP][PASSED] - delay: Delayed 3 second(s)

2018-09-10 10:52:25 - [MESSAGE][PASSED] - Delayed 3 second(s)

2018-09-10 10:52:25 - [TEST_STEP][PASSED] - scrollToElement: Scroll to object 'Object Repository/Page_Plan Tab/a_Rules' successfully

2018-09-10 10:52:25 - [MESSAGE][PASSED] - Scroll to object 'Object Repository/Page_Plan Tab/a_Rules' successfully

2018-09-10 10:52:25 - [TEST_STEP][PASSED] - delay: Delayed 2 second(s)

2018-09-10 10:52:27 - [MESSAGE][PASSED] - Delayed 2 second(s)

2018-09-10 10:52:27 - [TEST_STEP][PASSED] - click: Object: 'Object Repository/Page_Plan Tab/a_Rules' is clicked on

2018-09-10 10:52:28 - [MESSAGE][PASSED] - Object: 'Object Repository/Page_Plan Tab/a_Rules' is clicked on

2018-09-10 10:52:28 - [TEST_STEP][PASSED] - click: Object: 'Object Repository/Page_Callidus Cloud Commissions Man/a_Advanced Search' is clicked on

2018-09-10 10:52:28 - [MESSAGE][PASSED] - Object: 'Object Repository/Page_Callidus Cloud Commissions Man/a_Advanced Search' is clicked on

2018-09-10 10:52:28 - [TEST_STEP][PASSED] - delay: Delayed 3 second(s)

2018-09-10 10:52:31 - [MESSAGE][PASSED] - Delayed 3 second(s)

2018-09-10 10:52:31 - [TEST_STEP][PASSED] - click: Object: 'Object Repository/Page_Callidus Cloud Commissions Man/td_Field Name' is clicked on

2018-09-10 10:52:32 - [MESSAGE][PASSED] - Object: 'Object Repository/Page_Callidus Cloud Commissions Man/td_Field Name' is clicked on

2018-09-10 10:52:32 - [TEST_STEP][PASSED] - delay: Delayed 2 second(s)

2018-09-10 10:52:34 - [MESSAGE][PASSED] - Delayed 2 second(s)

2018-09-10 10:52:34 - [TEST_STEP][PASSED] - scrollToElement: Scroll to object 'Object Repository/Page_Plan Tab/a_Field_name' successfully

2018-09-10 10:52:34 - [MESSAGE][PASSED] - Scroll to object 'Object Repository/Page_Plan Tab/a_Field_name' successfully

2018-09-10 10:52:34 - [TEST_STEP][PASSED] - delay: Delayed 2 second(s)

2018-09-10 10:52:36 - [MESSAGE][PASSED] - Delayed 2 second(s)

2018-09-10 10:52:36 - [TEST_STEP][PASSED] - click: Object: 'Object Repository/Page_Plan Tab/a_Field_name' is clicked on

2018-09-10 10:52:36 - [MESSAGE][PASSED] - Object: 'Object Repository/Page_Plan Tab/a_Field_name' is clicked on

2018-09-10 10:52:36 - [TEST_STEP][PASSED] - click: Object: 'Object Repository/Page_Callidus Cloud Commissions Man/td_Comparision' is clicked on

2018-09-10 10:52:36 - [MESSAGE][PASSED] - Object: 'Object Repository/Page_Callidus Cloud Commissions Man/td_Comparision' is clicked on

2018-09-10 10:52:36 - [TEST_STEP][PASSED] - delay: Delayed 2 second(s)

2018-09-10 10:52:38 - [MESSAGE][PASSED] - Delayed 2 second(s)

2018-09-10 10:52:38 - [TEST_STEP][PASSED] - scrollToElement: Scroll to object 'Object Repository/Page_Callidus Cloud Commissions Man/option_Equals' successfully

2018-09-10 10:52:38 - [MESSAGE][PASSED] - Scroll to object 'Object Repository/Page_Callidus Cloud Commissions Man/option_Equals' successfully

2018-09-10 10:52:38 - [TEST_STEP][PASSED] - delay: Delayed 2 second(s)

2018-09-10 10:52:40 - [MESSAGE][PASSED] - Delayed 2 second(s)

2018-09-10 10:52:40 - [TEST_STEP][PASSED] - click: Object: 'Object Repository/Page_Callidus Cloud Commissions Man/option_Equals' is clicked on

2018-09-10 10:52:40 - [MESSAGE][PASSED] - Object: 'Object Repository/Page_Callidus Cloud Commissions Man/option_Equals' is clicked on

2018-09-10 10:52:40 - [TEST_STEP][PASSED] - delay: Delayed 2 second(s)

2018-09-10 10:52:42 - [MESSAGE][PASSED] - Delayed 2 second(s)

2018-09-10 10:52:42 - [TEST_STEP][PASSED] - setText: Text 'CR Territory Booking' is set on object 'Object Repository/Page_Callidus Cloud Commissions Man/td_Value'

2018-09-10 10:52:43 - [MESSAGE][PASSED] - Text 'CR Territory Booking' is set on object 'Object Repository/Page_Callidus Cloud Commissions Man/td_Value'

2018-09-10 10:52:43 - [TEST_STEP][PASSED] - delay: Delayed 2 second(s)

2018-09-10 10:52:45 - [MESSAGE][PASSED] - Delayed 2 second(s)

2018-09-10 10:52:45 - [TEST_STEP][PASSED] - click: Object: 'Object Repository/Page_Callidus Cloud Commissions Man/input_Apply Search' is clicked on

2018-09-10 10:52:45 - [MESSAGE][PASSED] - Object: 'Object Repository/Page_Callidus Cloud Commissions Man/input_Apply Search' is clicked on

2018-09-10 10:52:45 - [TEST_STEP][NOT_RUN] - acceptAlert: NOT_RUN: acceptAlert

2018-09-10 10:52:45 - [MESSAGE][NOT_RUN] - NOT_RUN: acceptAlert

2018-09-10 10:52:45 - [TEST_STEP][NOT_RUN] - callTestCase: NOT_RUN: callTestCase

2018-09-10 10:52:45 - [MESSAGE][NOT_RUN] - NOT_RUN: callTestCase]]></system-out>
         <system-err><![CDATA[]]></system-err>
      </testcase>
      <testcase name="Test Cases/Credit Types exist in the system" classname="Test Cases/Credit Types exist in the system" status="PASSED">
         <system-out><![CDATA[2018-09-10 10:52:45 - [TEST_CASE][PASSED] - Test Cases/Credit Types exist in the system: Test Cases/Credit Types exist in the system

2018-09-10 10:52:45 - [TEST_STEP][NOT_RUN] - callTestCase: NOT_RUN: callTestCase

2018-09-10 10:52:45 - [MESSAGE][NOT_RUN] - NOT_RUN: callTestCase

2018-09-10 10:52:45 - [TEST_STEP][PASSED] - mouseOver: Object: 'Object Repository/Page_Callidus Cloud Commissions Man/div_ADMINISTRATION' is hovered

2018-09-10 10:52:45 - [MESSAGE][PASSED] - Object: 'Object Repository/Page_Callidus Cloud Commissions Man/div_ADMINISTRATION' is hovered

2018-09-10 10:52:45 - [TEST_STEP][PASSED] - delay: Delayed 5 second(s)

2018-09-10 10:52:50 - [MESSAGE][PASSED] - Delayed 5 second(s)

2018-09-10 10:52:50 - [TEST_STEP][PASSED] - scrollToElement: Scroll to object 'Object Repository/Page_Callidus Cloud Commissions Man/a_Credit Types' successfully

2018-09-10 10:52:50 - [MESSAGE][PASSED] - Scroll to object 'Object Repository/Page_Callidus Cloud Commissions Man/a_Credit Types' successfully

2018-09-10 10:52:50 - [TEST_STEP][PASSED] - delay: Delayed 2 second(s)

2018-09-10 10:52:52 - [MESSAGE][PASSED] - Delayed 2 second(s)

2018-09-10 10:52:52 - [TEST_STEP][PASSED] - click: Object: 'Object Repository/Page_Callidus Cloud Commissions Man/a_Credit Types' is clicked on

2018-09-10 10:52:53 - [MESSAGE][PASSED] - Object: 'Object Repository/Page_Callidus Cloud Commissions Man/a_Credit Types' is clicked on

2018-09-10 10:52:53 - [TEST_STEP][PASSED] - click: Object: 'Object Repository/Page_Callidus Cloud Commissions Man/a_Advanced Search' is clicked on

2018-09-10 10:52:53 - [MESSAGE][PASSED] - Object: 'Object Repository/Page_Callidus Cloud Commissions Man/a_Advanced Search' is clicked on

2018-09-10 10:52:53 - [TEST_STEP][PASSED] - click: Object: 'Object Repository/Page_Callidus Cloud Commissions Man/td_Field Name' is clicked on

2018-09-10 10:52:54 - [MESSAGE][PASSED] - Object: 'Object Repository/Page_Callidus Cloud Commissions Man/td_Field Name' is clicked on

2018-09-10 10:52:54 - [TEST_STEP][PASSED] - scrollToElement: Scroll to object 'Object Repository/Page_Callidus Cloud Commissions Man/option_credit types id' successfully

2018-09-10 10:52:54 - [MESSAGE][PASSED] - Scroll to object 'Object Repository/Page_Callidus Cloud Commissions Man/option_credit types id' successfully

2018-09-10 10:52:54 - [TEST_STEP][PASSED] - delay: Delayed 2 second(s)

2018-09-10 10:52:56 - [MESSAGE][PASSED] - Delayed 2 second(s)

2018-09-10 10:52:56 - [TEST_STEP][PASSED] - click: Object: 'Object Repository/Page_Callidus Cloud Commissions Man/option_credit types id' is clicked on

2018-09-10 10:52:56 - [MESSAGE][PASSED] - Object: 'Object Repository/Page_Callidus Cloud Commissions Man/option_credit types id' is clicked on

2018-09-10 10:52:56 - [TEST_STEP][PASSED] - click: Object: 'Object Repository/Page_Callidus Cloud Commissions Man/td_Comparision' is clicked on

2018-09-10 10:52:56 - [MESSAGE][PASSED] - Object: 'Object Repository/Page_Callidus Cloud Commissions Man/td_Comparision' is clicked on

2018-09-10 10:52:56 - [TEST_STEP][PASSED] - scrollToElement: Scroll to object 'Object Repository/Page_Callidus Cloud Commissions Man/option_Equals' successfully

2018-09-10 10:52:56 - [MESSAGE][PASSED] - Scroll to object 'Object Repository/Page_Callidus Cloud Commissions Man/option_Equals' successfully

2018-09-10 10:52:56 - [TEST_STEP][PASSED] - delay: Delayed 2 second(s)

2018-09-10 10:52:58 - [MESSAGE][PASSED] - Delayed 2 second(s)

2018-09-10 10:52:58 - [TEST_STEP][PASSED] - click: Object: 'Object Repository/Page_Callidus Cloud Commissions Man/option_Equals' is clicked on

2018-09-10 10:52:58 - [MESSAGE][PASSED] - Object: 'Object Repository/Page_Callidus Cloud Commissions Man/option_Equals' is clicked on

2018-09-10 10:52:58 - [TEST_STEP][PASSED] - delay: Delayed 2 second(s)

2018-09-10 10:53:00 - [MESSAGE][PASSED] - Delayed 2 second(s)

2018-09-10 10:53:00 - [TEST_STEP][PASSED] - setText: Text 'Bonus123' is set on object 'Object Repository/Page_Callidus Cloud Commissions Man/td_Value'

2018-09-10 10:53:01 - [MESSAGE][PASSED] - Text 'Bonus123' is set on object 'Object Repository/Page_Callidus Cloud Commissions Man/td_Value'

2018-09-10 10:53:01 - [TEST_STEP][PASSED] - delay: Delayed 2 second(s)

2018-09-10 10:53:03 - [MESSAGE][PASSED] - Delayed 2 second(s)

2018-09-10 10:53:03 - [TEST_STEP][PASSED] - click: Object: 'Object Repository/Page_Callidus Cloud Commissions Man/input_Apply Search' is clicked on

2018-09-10 10:53:03 - [MESSAGE][PASSED] - Object: 'Object Repository/Page_Callidus Cloud Commissions Man/input_Apply Search' is clicked on

2018-09-10 10:53:03 - [TEST_STEP][NOT_RUN] - callTestCase: NOT_RUN: callTestCase

2018-09-10 10:53:03 - [MESSAGE][NOT_RUN] - NOT_RUN: callTestCase]]></system-out>
         <system-err><![CDATA[]]></system-err>
      </testcase>
      <testcase name="Test Cases/Deposit Rule exists in the system" classname="Test Cases/Deposit Rule exists in the system" status="PASSED">
         <system-out><![CDATA[2018-09-10 10:53:03 - [TEST_CASE][PASSED] - Test Cases/Deposit Rule exists in the system: Test Cases/Deposit Rule exists in the system

2018-09-10 10:53:03 - [TEST_STEP][NOT_RUN] - callTestCase: NOT_RUN: callTestCase

2018-09-10 10:53:03 - [MESSAGE][NOT_RUN] - NOT_RUN: callTestCase

2018-09-10 10:53:03 - [TEST_STEP][PASSED] - delay: Delayed 5 second(s)

2018-09-10 10:53:08 - [MESSAGE][PASSED] - Delayed 5 second(s)

2018-09-10 10:53:08 - [TEST_STEP][PASSED] - mouseOver: Object: 'Object Repository/Page_Plan Tab/a_Plan' is hovered

2018-09-10 10:53:08 - [MESSAGE][PASSED] - Object: 'Object Repository/Page_Plan Tab/a_Plan' is hovered

2018-09-10 10:53:08 - [TEST_STEP][PASSED] - delay: Delayed 3 second(s)

2018-09-10 10:53:11 - [MESSAGE][PASSED] - Delayed 3 second(s)

2018-09-10 10:53:11 - [TEST_STEP][PASSED] - scrollToElement: Scroll to object 'Object Repository/Page_Plan Tab/a_Rules' successfully

2018-09-10 10:53:11 - [MESSAGE][PASSED] - Scroll to object 'Object Repository/Page_Plan Tab/a_Rules' successfully

2018-09-10 10:53:11 - [TEST_STEP][PASSED] - delay: Delayed 2 second(s)

2018-09-10 10:53:13 - [MESSAGE][PASSED] - Delayed 2 second(s)

2018-09-10 10:53:13 - [TEST_STEP][PASSED] - click: Object: 'Object Repository/Page_Plan Tab/a_Rules' is clicked on

2018-09-10 10:53:14 - [MESSAGE][PASSED] - Object: 'Object Repository/Page_Plan Tab/a_Rules' is clicked on

2018-09-10 10:53:14 - [TEST_STEP][PASSED] - click: Object: 'Object Repository/Page_Callidus Cloud Commissions Man/a_Advanced Search' is clicked on

2018-09-10 10:53:14 - [MESSAGE][PASSED] - Object: 'Object Repository/Page_Callidus Cloud Commissions Man/a_Advanced Search' is clicked on

2018-09-10 10:53:14 - [TEST_STEP][PASSED] - delay: Delayed 3 second(s)

2018-09-10 10:53:17 - [MESSAGE][PASSED] - Delayed 3 second(s)

2018-09-10 10:53:17 - [TEST_STEP][PASSED] - click: Object: 'Object Repository/Page_Callidus Cloud Commissions Man/td_Field Name' is clicked on

2018-09-10 10:53:17 - [MESSAGE][PASSED] - Object: 'Object Repository/Page_Callidus Cloud Commissions Man/td_Field Name' is clicked on

2018-09-10 10:53:17 - [TEST_STEP][PASSED] - delay: Delayed 2 second(s)

2018-09-10 10:53:19 - [MESSAGE][PASSED] - Delayed 2 second(s)

2018-09-10 10:53:19 - [TEST_STEP][PASSED] - scrollToElement: Scroll to object 'Object Repository/Page_Plan Tab/a_Field_name' successfully

2018-09-10 10:53:20 - [MESSAGE][PASSED] - Scroll to object 'Object Repository/Page_Plan Tab/a_Field_name' successfully

2018-09-10 10:53:20 - [TEST_STEP][PASSED] - delay: Delayed 2 second(s)

2018-09-10 10:53:22 - [MESSAGE][PASSED] - Delayed 2 second(s)

2018-09-10 10:53:22 - [TEST_STEP][PASSED] - click: Object: 'Object Repository/Page_Plan Tab/a_Field_name' is clicked on

2018-09-10 10:53:22 - [MESSAGE][PASSED] - Object: 'Object Repository/Page_Plan Tab/a_Field_name' is clicked on

2018-09-10 10:53:22 - [TEST_STEP][PASSED] - click: Object: 'Object Repository/Page_Callidus Cloud Commissions Man/td_Comparision' is clicked on

2018-09-10 10:53:22 - [MESSAGE][PASSED] - Object: 'Object Repository/Page_Callidus Cloud Commissions Man/td_Comparision' is clicked on

2018-09-10 10:53:22 - [TEST_STEP][PASSED] - delay: Delayed 2 second(s)

2018-09-10 10:53:24 - [MESSAGE][PASSED] - Delayed 2 second(s)

2018-09-10 10:53:24 - [TEST_STEP][PASSED] - scrollToElement: Scroll to object 'Object Repository/Page_Callidus Cloud Commissions Man/option_Equals' successfully

2018-09-10 10:53:24 - [MESSAGE][PASSED] - Scroll to object 'Object Repository/Page_Callidus Cloud Commissions Man/option_Equals' successfully

2018-09-10 10:53:24 - [TEST_STEP][PASSED] - delay: Delayed 2 second(s)

2018-09-10 10:53:26 - [MESSAGE][PASSED] - Delayed 2 second(s)

2018-09-10 10:53:26 - [TEST_STEP][PASSED] - click: Object: 'Object Repository/Page_Callidus Cloud Commissions Man/option_Equals' is clicked on

2018-09-10 10:53:26 - [MESSAGE][PASSED] - Object: 'Object Repository/Page_Callidus Cloud Commissions Man/option_Equals' is clicked on

2018-09-10 10:53:26 - [TEST_STEP][PASSED] - delay: Delayed 2 second(s)

2018-09-10 10:53:28 - [MESSAGE][PASSED] - Delayed 2 second(s)

2018-09-10 10:53:28 - [TEST_STEP][PASSED] - setText: Text 'DR Base Commissions Flat Rate MTD' is set on object 'Object Repository/Page_Callidus Cloud Commissions Man/td_Value'

2018-09-10 10:53:29 - [MESSAGE][PASSED] - Text 'DR Base Commissions Flat Rate MTD' is set on object 'Object Repository/Page_Callidus Cloud Commissions Man/td_Value'

2018-09-10 10:53:29 - [TEST_STEP][PASSED] - delay: Delayed 2 second(s)

2018-09-10 10:53:31 - [MESSAGE][PASSED] - Delayed 2 second(s)

2018-09-10 10:53:31 - [TEST_STEP][PASSED] - click: Object: 'Object Repository/Page_Callidus Cloud Commissions Man/input_Apply Search' is clicked on

2018-09-10 10:53:31 - [MESSAGE][PASSED] - Object: 'Object Repository/Page_Callidus Cloud Commissions Man/input_Apply Search' is clicked on

2018-09-10 10:53:31 - [TEST_STEP][NOT_RUN] - acceptAlert: NOT_RUN: acceptAlert

2018-09-10 10:53:31 - [MESSAGE][NOT_RUN] - NOT_RUN: acceptAlert

2018-09-10 10:53:31 - [TEST_STEP][PASSED] - callTestCase: Call Test Case 'Test Cases/Commission Logout' successfully

2018-09-10 10:53:31 - [TEST_CASE][PASSED] - Test Cases/Commission Logout: Test Cases/Commission Logout

2018-09-10 10:53:31 - [TEST_STEP][PASSED] - click: Object: 'Object Repository/Page_Callidus Cloud Commissions Man/span_rkulkarncalliduscloud.com' is clicked on

2018-09-10 10:53:31 - [MESSAGE][PASSED] - Object: 'Object Repository/Page_Callidus Cloud Commissions Man/span_rkulkarncalliduscloud.com' is clicked on

2018-09-10 10:53:31 - [TEST_STEP][PASSED] - click: Object: 'Object Repository/Page_Callidus Cloud Commissions Man/div_Logout' is clicked on

2018-09-10 10:53:32 - [MESSAGE][PASSED] - Object: 'Object Repository/Page_Callidus Cloud Commissions Man/div_Logout' is clicked on

2018-09-10 10:53:32 - [TEST_STEP][PASSED] - closeBrowser: Browser is closed

2018-09-10 10:53:33 - [MESSAGE][PASSED] - Browser is closed

2018-09-10 10:53:33 - [MESSAGE][PASSED] - Call Test Case 'Test Cases/Commission Logout' successfully]]></system-out>
         <system-err><![CDATA[]]></system-err>
      </testcase>
      <testcase name="Test Cases/Earning Codes exist in the system" classname="Test Cases/Earning Codes exist in the system" status="PASSED">
         <system-out><![CDATA[2018-09-10 10:53:33 - [TEST_CASE][PASSED] - Test Cases/Earning Codes exist in the system: Test Cases/Earning Codes exist in the system

2018-09-10 10:53:33 - [TEST_STEP][PASSED] - callTestCase: Call Test Case 'Test Cases/Commission Login' successfully

2018-09-10 10:53:33 - [TEST_CASE][PASSED] - Test Cases/Commission Login: Test Cases/Commission Login

2018-09-10 10:53:34 - [TEST_STEP][PASSED] - openBrowser: Browser is opened with url: ''

2018-09-10 10:53:36 - [MESSAGE][PASSED] - Browser is opened with url: ''

2018-09-10 10:53:36 - [TEST_STEP][PASSED] - navigateToUrl: Navigate to 'https://biz3-tst.callidusondemand.com/SalesPortal/#!/' successfully

2018-09-10 10:53:37 - [MESSAGE][PASSED] - Navigate to 'https://biz3-tst.callidusondemand.com/SalesPortal/#!/' successfully

2018-09-10 10:53:37 - [TEST_STEP][PASSED] - maximizeWindow: Current window maximized

2018-09-10 10:53:38 - [MESSAGE][PASSED] - Current window maximized

2018-09-10 10:53:38 - [TEST_STEP][PASSED] - setText: Text 'kikosana@calliduscloud.com' is set on object 'Object Repository/Page_Sales Performance Home/input_username'

2018-09-10 10:53:38 - [MESSAGE][PASSED] - Text 'kikosana@calliduscloud.com' is set on object 'Object Repository/Page_Sales Performance Home/input_username'

2018-09-10 10:53:38 - [TEST_STEP][PASSED] - setText: Text 'Kiran09@@' is set on object 'Object Repository/Page_Sales Performance Home/input_password'

2018-09-10 10:53:39 - [MESSAGE][PASSED] - Text 'Kiran09@@' is set on object 'Object Repository/Page_Sales Performance Home/input_password'

2018-09-10 10:53:39 - [TEST_STEP][PASSED] - click: Object: 'Object Repository/Page_Sales Performance Home/button_Login' is clicked on

2018-09-10 10:53:39 - [MESSAGE][PASSED] - Object: 'Object Repository/Page_Sales Performance Home/button_Login' is clicked on

2018-09-10 10:53:39 - [TEST_STEP][PASSED] - click: Object: 'Object Repository/Page_Sales Performance Home/span_Sales Performance Home' is clicked on

2018-09-10 10:53:40 - [MESSAGE][PASSED] - Object: 'Object Repository/Page_Sales Performance Home/span_Sales Performance Home' is clicked on

2018-09-10 10:53:40 - [TEST_STEP][PASSED] - click: Object: 'Object Repository/Page_Sales Performance Home/a_Commissions' is clicked on

2018-09-10 10:53:40 - [MESSAGE][PASSED] - Object: 'Object Repository/Page_Sales Performance Home/a_Commissions' is clicked on

2018-09-10 10:53:40 - [TEST_STEP][PASSED] - click: Object: 'Object Repository/Page_Callidus Cloud Commissions Man/a_Manage Setup' is clicked on

2018-09-10 10:53:45 - [MESSAGE][PASSED] - Object: 'Object Repository/Page_Callidus Cloud Commissions Man/a_Manage Setup' is clicked on

2018-09-10 10:53:45 - [MESSAGE][PASSED] - Call Test Case 'Test Cases/Commission Login' successfully

2018-09-10 10:53:45 - [TEST_STEP][PASSED] - mouseOver: Object: 'Object Repository/Page_Callidus Cloud Commissions Man/div_ADMINISTRATION' is hovered

2018-09-10 10:53:45 - [MESSAGE][PASSED] - Object: 'Object Repository/Page_Callidus Cloud Commissions Man/div_ADMINISTRATION' is hovered

2018-09-10 10:53:45 - [TEST_STEP][PASSED] - delay: Delayed 5 second(s)

2018-09-10 10:53:50 - [MESSAGE][PASSED] - Delayed 5 second(s)

2018-09-10 10:53:50 - [TEST_STEP][PASSED] - scrollToElement: Scroll to object 'Object Repository/Page_Callidus Cloud Commissions Man/Reason Codes' successfully

2018-09-10 10:53:50 - [MESSAGE][PASSED] - Scroll to object 'Object Repository/Page_Callidus Cloud Commissions Man/Reason Codes' successfully

2018-09-10 10:53:50 - [TEST_STEP][PASSED] - click: Object: 'Object Repository/Page_Callidus Cloud Commissions Man/Reason Codes' is clicked on

2018-09-10 10:53:51 - [MESSAGE][PASSED] - Object: 'Object Repository/Page_Callidus Cloud Commissions Man/Reason Codes' is clicked on

2018-09-10 10:53:51 - [TEST_STEP][PASSED] - click: Object: 'Object Repository/Page_Callidus Cloud Commissions Man/a_Advanced Search' is clicked on

2018-09-10 10:53:51 - [MESSAGE][PASSED] - Object: 'Object Repository/Page_Callidus Cloud Commissions Man/a_Advanced Search' is clicked on

2018-09-10 10:53:51 - [TEST_STEP][NOT_RUN] - click: NOT_RUN: click

2018-09-10 10:53:51 - [MESSAGE][NOT_RUN] - NOT_RUN: click

2018-09-10 10:53:51 - [TEST_STEP][NOT_RUN] - scrollToElement: NOT_RUN: scrollToElement

2018-09-10 10:53:51 - [MESSAGE][NOT_RUN] - NOT_RUN: scrollToElement

2018-09-10 10:53:51 - [TEST_STEP][NOT_RUN] - click: NOT_RUN: click

2018-09-10 10:53:51 - [MESSAGE][NOT_RUN] - NOT_RUN: click

2018-09-10 10:53:51 - [TEST_STEP][NOT_RUN] - click: NOT_RUN: click

2018-09-10 10:53:51 - [MESSAGE][NOT_RUN] - NOT_RUN: click

2018-09-10 10:53:51 - [TEST_STEP][NOT_RUN] - scrollToElement: NOT_RUN: scrollToElement

2018-09-10 10:53:51 - [MESSAGE][NOT_RUN] - NOT_RUN: scrollToElement

2018-09-10 10:53:51 - [TEST_STEP][NOT_RUN] - click: NOT_RUN: click

2018-09-10 10:53:51 - [MESSAGE][NOT_RUN] - NOT_RUN: click

2018-09-10 10:53:51 - [TEST_STEP][NOT_RUN] - setText: NOT_RUN: setText

2018-09-10 10:53:51 - [MESSAGE][NOT_RUN] - NOT_RUN: setText

2018-09-10 10:53:51 - [TEST_STEP][NOT_RUN] - click: NOT_RUN: click

2018-09-10 10:53:51 - [MESSAGE][NOT_RUN] - NOT_RUN: click

2018-09-10 10:53:51 - [TEST_STEP][NOT_RUN] - callTestCase: NOT_RUN: callTestCase

2018-09-10 10:53:51 - [MESSAGE][NOT_RUN] - NOT_RUN: callTestCase]]></system-out>
         <system-err><![CDATA[]]></system-err>
      </testcase>
      <testcase name="Test Cases/Earning Groups exist in the system" classname="Test Cases/Earning Groups exist in the system" status="PASSED">
         <system-out><![CDATA[2018-09-10 10:53:51 - [TEST_CASE][PASSED] - Test Cases/Earning Groups exist in the system: Test Cases/Earning Groups exist in the system

2018-09-10 10:53:51 - [TEST_STEP][NOT_RUN] - callTestCase: NOT_RUN: callTestCase

2018-09-10 10:53:51 - [MESSAGE][NOT_RUN] - NOT_RUN: callTestCase

2018-09-10 10:53:51 - [TEST_STEP][PASSED] - mouseOver: Object: 'Object Repository/Page_Callidus Cloud Commissions Man/div_ADMINISTRATION' is hovered

2018-09-10 10:53:52 - [MESSAGE][PASSED] - Object: 'Object Repository/Page_Callidus Cloud Commissions Man/div_ADMINISTRATION' is hovered

2018-09-10 10:53:52 - [TEST_STEP][PASSED] - delay: Delayed 2 second(s)

2018-09-10 10:53:54 - [MESSAGE][PASSED] - Delayed 2 second(s)

2018-09-10 10:53:54 - [TEST_STEP][PASSED] - scrollToElement: Scroll to object 'Object Repository/Page_Callidus Cloud Commissions Man/a_Earning Groups' successfully

2018-09-10 10:53:54 - [MESSAGE][PASSED] - Scroll to object 'Object Repository/Page_Callidus Cloud Commissions Man/a_Earning Groups' successfully

2018-09-10 10:53:54 - [TEST_STEP][PASSED] - delay: Delayed 2 second(s)

2018-09-10 10:53:56 - [MESSAGE][PASSED] - Delayed 2 second(s)

2018-09-10 10:53:56 - [TEST_STEP][PASSED] - click: Object: 'Object Repository/Page_Callidus Cloud Commissions Man/a_Earning Groups' is clicked on

2018-09-10 10:53:56 - [MESSAGE][PASSED] - Object: 'Object Repository/Page_Callidus Cloud Commissions Man/a_Earning Groups' is clicked on

2018-09-10 10:53:56 - [TEST_STEP][PASSED] - click: Object: 'Object Repository/Page_Callidus Cloud Commissions Man/a_Advanced Search' is clicked on

2018-09-10 10:53:57 - [MESSAGE][PASSED] - Object: 'Object Repository/Page_Callidus Cloud Commissions Man/a_Advanced Search' is clicked on

2018-09-10 10:53:57 - [TEST_STEP][PASSED] - click: Object: 'Object Repository/Page_Callidus Cloud Commissions Man/td_Field Name' is clicked on

2018-09-10 10:53:57 - [MESSAGE][PASSED] - Object: 'Object Repository/Page_Callidus Cloud Commissions Man/td_Field Name' is clicked on

2018-09-10 10:53:57 - [TEST_STEP][PASSED] - delay: Delayed 2 second(s)

2018-09-10 10:53:59 - [MESSAGE][PASSED] - Delayed 2 second(s)

2018-09-10 10:53:59 - [TEST_STEP][PASSED] - scrollToElement: Scroll to object 'Object Repository/Page_Callidus Cloud Commissions Man/option_Earining Groups' successfully

2018-09-10 10:53:59 - [MESSAGE][PASSED] - Scroll to object 'Object Repository/Page_Callidus Cloud Commissions Man/option_Earining Groups' successfully

2018-09-10 10:53:59 - [TEST_STEP][PASSED] - delay: Delayed 2 second(s)

2018-09-10 10:54:01 - [MESSAGE][PASSED] - Delayed 2 second(s)

2018-09-10 10:54:01 - [TEST_STEP][PASSED] - click: Object: 'Object Repository/Page_Callidus Cloud Commissions Man/option_Earining Groups' is clicked on

2018-09-10 10:54:02 - [MESSAGE][PASSED] - Object: 'Object Repository/Page_Callidus Cloud Commissions Man/option_Earining Groups' is clicked on

2018-09-10 10:54:02 - [TEST_STEP][PASSED] - click: Object: 'Object Repository/Page_Callidus Cloud Commissions Man/td_Comparision' is clicked on

2018-09-10 10:54:02 - [MESSAGE][PASSED] - Object: 'Object Repository/Page_Callidus Cloud Commissions Man/td_Comparision' is clicked on

2018-09-10 10:54:02 - [TEST_STEP][PASSED] - delay: Delayed 2 second(s)

2018-09-10 10:54:04 - [MESSAGE][PASSED] - Delayed 2 second(s)

2018-09-10 10:54:04 - [TEST_STEP][PASSED] - scrollToElement: Scroll to object 'Object Repository/Page_Callidus Cloud Commissions Man/option_Equals' successfully

2018-09-10 10:54:04 - [MESSAGE][PASSED] - Scroll to object 'Object Repository/Page_Callidus Cloud Commissions Man/option_Equals' successfully

2018-09-10 10:54:04 - [TEST_STEP][PASSED] - delay: Delayed 2 second(s)

2018-09-10 10:54:06 - [MESSAGE][PASSED] - Delayed 2 second(s)

2018-09-10 10:54:06 - [TEST_STEP][PASSED] - click: Object: 'Object Repository/Page_Callidus Cloud Commissions Man/option_Equals' is clicked on

2018-09-10 10:54:06 - [MESSAGE][PASSED] - Object: 'Object Repository/Page_Callidus Cloud Commissions Man/option_Equals' is clicked on

2018-09-10 10:54:06 - [TEST_STEP][PASSED] - delay: Delayed 2 second(s)

2018-09-10 10:54:08 - [MESSAGE][PASSED] - Delayed 2 second(s)

2018-09-10 10:54:08 - [TEST_STEP][PASSED] - setText: Text 'commission' is set on object 'Object Repository/Page_Callidus Cloud Commissions Man/td_Value'

2018-09-10 10:54:08 - [MESSAGE][PASSED] - Text 'commission' is set on object 'Object Repository/Page_Callidus Cloud Commissions Man/td_Value'

2018-09-10 10:54:08 - [TEST_STEP][PASSED] - delay: Delayed 2 second(s)

2018-09-10 10:54:10 - [MESSAGE][PASSED] - Delayed 2 second(s)

2018-09-10 10:54:10 - [TEST_STEP][PASSED] - click: Object: 'Object Repository/Page_Callidus Cloud Commissions Man/input_Apply Search' is clicked on

2018-09-10 10:54:10 - [MESSAGE][PASSED] - Object: 'Object Repository/Page_Callidus Cloud Commissions Man/input_Apply Search' is clicked on

2018-09-10 10:54:10 - [TEST_STEP][NOT_RUN] - callTestCase: NOT_RUN: callTestCase

2018-09-10 10:54:10 - [MESSAGE][NOT_RUN] - NOT_RUN: callTestCase]]></system-out>
         <system-err><![CDATA[]]></system-err>
      </testcase>
      <testcase name="Test Cases/EventTypes exist in the System" classname="Test Cases/EventTypes exist in the System" status="PASSED">
         <system-out><![CDATA[2018-09-10 10:54:10 - [TEST_CASE][PASSED] - Test Cases/EventTypes exist in the System: Test Cases/EventTypes exist in the System

2018-09-10 10:54:11 - [TEST_STEP][NOT_RUN] - callTestCase: NOT_RUN: callTestCase

2018-09-10 10:54:11 - [MESSAGE][NOT_RUN] - NOT_RUN: callTestCase

2018-09-10 10:54:11 - [TEST_STEP][PASSED] - mouseOver: Object: 'Object Repository/Page_Callidus Cloud Commissions Man/div_ADMINISTRATION' is hovered

2018-09-10 10:54:11 - [MESSAGE][PASSED] - Object: 'Object Repository/Page_Callidus Cloud Commissions Man/div_ADMINISTRATION' is hovered

2018-09-10 10:54:11 - [TEST_STEP][PASSED] - delay: Delayed 2 second(s)

2018-09-10 10:54:13 - [MESSAGE][PASSED] - Delayed 2 second(s)

2018-09-10 10:54:13 - [TEST_STEP][PASSED] - scrollToElement: Scroll to object 'Object Repository/Page_Callidus Cloud Commissions Man/a_Event Types' successfully

2018-09-10 10:54:13 - [MESSAGE][PASSED] - Scroll to object 'Object Repository/Page_Callidus Cloud Commissions Man/a_Event Types' successfully

2018-09-10 10:54:13 - [TEST_STEP][PASSED] - delay: Delayed 2 second(s)

2018-09-10 10:54:15 - [MESSAGE][PASSED] - Delayed 2 second(s)

2018-09-10 10:54:15 - [TEST_STEP][PASSED] - click: Object: 'Object Repository/Page_Callidus Cloud Commissions Man/a_Event Types' is clicked on

2018-09-10 10:54:15 - [MESSAGE][PASSED] - Object: 'Object Repository/Page_Callidus Cloud Commissions Man/a_Event Types' is clicked on

2018-09-10 10:54:15 - [TEST_STEP][PASSED] - click: Object: 'Object Repository/Page_Callidus Cloud Commissions Man/a_Advanced Search' is clicked on

2018-09-10 10:54:16 - [MESSAGE][PASSED] - Object: 'Object Repository/Page_Callidus Cloud Commissions Man/a_Advanced Search' is clicked on

2018-09-10 10:54:16 - [TEST_STEP][PASSED] - delay: Delayed 3 second(s)

2018-09-10 10:54:19 - [MESSAGE][PASSED] - Delayed 3 second(s)

2018-09-10 10:54:19 - [TEST_STEP][PASSED] - click: Object: 'Object Repository/Page_Callidus Cloud Commissions Man/td_Field Name' is clicked on

2018-09-10 10:54:19 - [MESSAGE][PASSED] - Object: 'Object Repository/Page_Callidus Cloud Commissions Man/td_Field Name' is clicked on

2018-09-10 10:54:19 - [TEST_STEP][PASSED] - delay: Delayed 2 second(s)

2018-09-10 10:54:21 - [MESSAGE][PASSED] - Delayed 2 second(s)

2018-09-10 10:54:21 - [TEST_STEP][PASSED] - scrollToElement: Scroll to object 'Object Repository/Page_Callidus Cloud Commissions Man/a_eventTypeId' successfully

2018-09-10 10:54:21 - [MESSAGE][PASSED] - Scroll to object 'Object Repository/Page_Callidus Cloud Commissions Man/a_eventTypeId' successfully

2018-09-10 10:54:21 - [TEST_STEP][PASSED] - delay: Delayed 2 second(s)

2018-09-10 10:54:23 - [MESSAGE][PASSED] - Delayed 2 second(s)

2018-09-10 10:54:23 - [TEST_STEP][PASSED] - click: Object: 'Object Repository/Page_Callidus Cloud Commissions Man/a_eventTypeId' is clicked on

2018-09-10 10:54:23 - [MESSAGE][PASSED] - Object: 'Object Repository/Page_Callidus Cloud Commissions Man/a_eventTypeId' is clicked on

2018-09-10 10:54:23 - [TEST_STEP][PASSED] - click: Object: 'Object Repository/Page_Callidus Cloud Commissions Man/td_Comparision' is clicked on

2018-09-10 10:54:23 - [MESSAGE][PASSED] - Object: 'Object Repository/Page_Callidus Cloud Commissions Man/td_Comparision' is clicked on

2018-09-10 10:54:23 - [TEST_STEP][PASSED] - delay: Delayed 2 second(s)

2018-09-10 10:54:25 - [MESSAGE][PASSED] - Delayed 2 second(s)

2018-09-10 10:54:25 - [TEST_STEP][PASSED] - scrollToElement: Scroll to object 'Object Repository/Page_Callidus Cloud Commissions Man/option_Equals' successfully

2018-09-10 10:54:25 - [MESSAGE][PASSED] - Scroll to object 'Object Repository/Page_Callidus Cloud Commissions Man/option_Equals' successfully

2018-09-10 10:54:25 - [TEST_STEP][PASSED] - delay: Delayed 2 second(s)

2018-09-10 10:54:27 - [MESSAGE][PASSED] - Delayed 2 second(s)

2018-09-10 10:54:27 - [TEST_STEP][PASSED] - click: Object: 'Object Repository/Page_Callidus Cloud Commissions Man/option_Equals' is clicked on

2018-09-10 10:54:27 - [MESSAGE][PASSED] - Object: 'Object Repository/Page_Callidus Cloud Commissions Man/option_Equals' is clicked on

2018-09-10 10:54:27 - [TEST_STEP][PASSED] - delay: Delayed 2 second(s)

2018-09-10 10:54:29 - [MESSAGE][PASSED] - Delayed 2 second(s)

2018-09-10 10:54:29 - [TEST_STEP][PASSED] - setText: Text 'invoicing' is set on object 'Object Repository/Page_Callidus Cloud Commissions Man/td_Value'

2018-09-10 10:54:30 - [MESSAGE][PASSED] - Text 'invoicing' is set on object 'Object Repository/Page_Callidus Cloud Commissions Man/td_Value'

2018-09-10 10:54:30 - [TEST_STEP][PASSED] - click: Object: 'Object Repository/Page_Callidus Cloud Commissions Man/input_Apply Search' is clicked on

2018-09-10 10:54:30 - [MESSAGE][PASSED] - Object: 'Object Repository/Page_Callidus Cloud Commissions Man/input_Apply Search' is clicked on

2018-09-10 10:54:30 - [TEST_STEP][NOT_RUN] - callTestCase: NOT_RUN: callTestCase

2018-09-10 10:54:30 - [MESSAGE][NOT_RUN] - NOT_RUN: callTestCase]]></system-out>
         <system-err><![CDATA[]]></system-err>
      </testcase>
      <testcase name="Test Cases/Fixed ValueTypes exist in the system" classname="Test Cases/Fixed ValueTypes exist in the system" status="PASSED">
         <system-out><![CDATA[2018-09-10 10:54:30 - [TEST_CASE][PASSED] - Test Cases/Fixed ValueTypes exist in the system: Test Cases/Fixed ValueTypes exist in the system

2018-09-10 10:54:30 - [TEST_STEP][NOT_RUN] - callTestCase: NOT_RUN: callTestCase

2018-09-10 10:54:30 - [MESSAGE][NOT_RUN] - NOT_RUN: callTestCase

2018-09-10 10:54:30 - [TEST_STEP][PASSED] - delay: Delayed 6 second(s)

2018-09-10 10:54:36 - [MESSAGE][PASSED] - Delayed 6 second(s)

2018-09-10 10:54:36 - [TEST_STEP][PASSED] - mouseOver: Object: 'Object Repository/Page_Callidus Cloud Commissions Man/div_ADMINISTRATION' is hovered

2018-09-10 10:54:36 - [MESSAGE][PASSED] - Object: 'Object Repository/Page_Callidus Cloud Commissions Man/div_ADMINISTRATION' is hovered

2018-09-10 10:54:36 - [TEST_STEP][PASSED] - delay: Delayed 3 second(s)

2018-09-10 10:54:39 - [MESSAGE][PASSED] - Delayed 3 second(s)

2018-09-10 10:54:39 - [TEST_STEP][PASSED] - scrollToElement: Scroll to object 'Object Repository/Page_Callidus Cloud Commissions Man/a_Fixed Value Types' successfully

2018-09-10 10:54:39 - [MESSAGE][PASSED] - Scroll to object 'Object Repository/Page_Callidus Cloud Commissions Man/a_Fixed Value Types' successfully

2018-09-10 10:54:39 - [TEST_STEP][PASSED] - click: Object: 'Object Repository/Page_Callidus Cloud Commissions Man/a_Fixed Value Types' is clicked on

2018-09-10 10:54:40 - [MESSAGE][PASSED] - Object: 'Object Repository/Page_Callidus Cloud Commissions Man/a_Fixed Value Types' is clicked on

2018-09-10 10:54:40 - [TEST_STEP][PASSED] - click: Object: 'Object Repository/Page_Callidus Cloud Commissions Man/a_Advanced Search' is clicked on

2018-09-10 10:54:40 - [MESSAGE][PASSED] - Object: 'Object Repository/Page_Callidus Cloud Commissions Man/a_Advanced Search' is clicked on

2018-09-10 10:54:40 - [TEST_STEP][PASSED] - delay: Delayed 3 second(s)

2018-09-10 10:54:43 - [MESSAGE][PASSED] - Delayed 3 second(s)

2018-09-10 10:54:43 - [TEST_STEP][PASSED] - click: Object: 'Object Repository/Page_Callidus Cloud Commissions Man/td_Field Name' is clicked on

2018-09-10 10:54:43 - [MESSAGE][PASSED] - Object: 'Object Repository/Page_Callidus Cloud Commissions Man/td_Field Name' is clicked on

2018-09-10 10:54:43 - [TEST_STEP][PASSED] - delay: Delayed 2 second(s)

2018-09-10 10:54:45 - [MESSAGE][PASSED] - Delayed 2 second(s)

2018-09-10 10:54:45 - [TEST_STEP][PASSED] - scrollToElement: Scroll to object 'Object Repository/Page_Callidus Cloud Commissions Man/a_fixedValueTypeId' successfully

2018-09-10 10:54:45 - [MESSAGE][PASSED] - Scroll to object 'Object Repository/Page_Callidus Cloud Commissions Man/a_fixedValueTypeId' successfully

2018-09-10 10:54:45 - [TEST_STEP][PASSED] - delay: Delayed 2 second(s)

2018-09-10 10:54:47 - [MESSAGE][PASSED] - Delayed 2 second(s)

2018-09-10 10:54:47 - [TEST_STEP][PASSED] - click: Object: 'Object Repository/Page_Callidus Cloud Commissions Man/a_fixedValueTypeId' is clicked on

2018-09-10 10:54:47 - [MESSAGE][PASSED] - Object: 'Object Repository/Page_Callidus Cloud Commissions Man/a_fixedValueTypeId' is clicked on

2018-09-10 10:54:47 - [TEST_STEP][PASSED] - click: Object: 'Object Repository/Page_Callidus Cloud Commissions Man/td_Comparision' is clicked on

2018-09-10 10:54:48 - [MESSAGE][PASSED] - Object: 'Object Repository/Page_Callidus Cloud Commissions Man/td_Comparision' is clicked on

2018-09-10 10:54:48 - [TEST_STEP][PASSED] - scrollToElement: Scroll to object 'Object Repository/Page_Callidus Cloud Commissions Man/option_Equals' successfully

2018-09-10 10:54:48 - [MESSAGE][PASSED] - Scroll to object 'Object Repository/Page_Callidus Cloud Commissions Man/option_Equals' successfully

2018-09-10 10:54:48 - [TEST_STEP][PASSED] - delay: Delayed 2 second(s)

2018-09-10 10:54:50 - [MESSAGE][PASSED] - Delayed 2 second(s)

2018-09-10 10:54:50 - [TEST_STEP][PASSED] - click: Object: 'Object Repository/Page_Callidus Cloud Commissions Man/option_Equals' is clicked on

2018-09-10 10:54:50 - [MESSAGE][PASSED] - Object: 'Object Repository/Page_Callidus Cloud Commissions Man/option_Equals' is clicked on

2018-09-10 10:54:50 - [TEST_STEP][PASSED] - delay: Delayed 2 second(s)

2018-09-10 10:54:52 - [MESSAGE][PASSED] - Delayed 2 second(s)

2018-09-10 10:54:52 - [TEST_STEP][PASSED] - setText: Text 'Fix1' is set on object 'Object Repository/Page_Callidus Cloud Commissions Man/td_Value'

2018-09-10 10:54:52 - [MESSAGE][PASSED] - Text 'Fix1' is set on object 'Object Repository/Page_Callidus Cloud Commissions Man/td_Value'

2018-09-10 10:54:52 - [TEST_STEP][PASSED] - click: Object: 'Object Repository/Page_Callidus Cloud Commissions Man/input_Apply Search' is clicked on

2018-09-10 10:54:52 - [MESSAGE][PASSED] - Object: 'Object Repository/Page_Callidus Cloud Commissions Man/input_Apply Search' is clicked on

2018-09-10 10:54:52 - [TEST_STEP][NOT_RUN] - callTestCase: NOT_RUN: callTestCase

2018-09-10 10:54:52 - [MESSAGE][NOT_RUN] - NOT_RUN: callTestCase]]></system-out>
         <system-err><![CDATA[]]></system-err>
      </testcase>
      <testcase name="Test Cases/Fixed_Value_Variables_exist_in_the_System" classname="Test Cases/Fixed_Value_Variables_exist_in_the_System" status="PASSED">
         <system-out><![CDATA[2018-09-10 10:54:52 - [TEST_CASE][PASSED] - Test Cases/Fixed_Value_Variables_exist_in_the_System: Test Cases/Fixed_Value_Variables_exist_in_the_System

2018-09-10 10:54:53 - [TEST_STEP][NOT_RUN] - callTestCase: NOT_RUN: callTestCase

2018-09-10 10:54:53 - [MESSAGE][NOT_RUN] - NOT_RUN: callTestCase

2018-09-10 10:54:53 - [TEST_STEP][PASSED] - mouseOver: Object: 'Object Repository/Page_Callidus Cloud Commissions Man/div_PLAN' is hovered

2018-09-10 10:54:53 - [MESSAGE][PASSED] - Object: 'Object Repository/Page_Callidus Cloud Commissions Man/div_PLAN' is hovered

2018-09-10 10:54:53 - [TEST_STEP][PASSED] - delay: Delayed 2 second(s)

2018-09-10 10:54:55 - [MESSAGE][PASSED] - Delayed 2 second(s)

2018-09-10 10:54:55 - [TEST_STEP][PASSED] - scrollToElement: Scroll to object 'Object Repository/Page_Callidus Cloud Commissions Man/a_Plan Components' successfully

2018-09-10 10:54:55 - [MESSAGE][PASSED] - Scroll to object 'Object Repository/Page_Callidus Cloud Commissions Man/a_Plan Components' successfully

2018-09-10 10:54:55 - [TEST_STEP][PASSED] - delay: Delayed 2 second(s)

2018-09-10 10:54:57 - [MESSAGE][PASSED] - Delayed 2 second(s)

2018-09-10 10:54:57 - [TEST_STEP][PASSED] - scrollToElement: Scroll to object 'Object Repository/Page_Callidus Cloud Commissions Man/a_Variables' successfully

2018-09-10 10:54:57 - [MESSAGE][PASSED] - Scroll to object 'Object Repository/Page_Callidus Cloud Commissions Man/a_Variables' successfully

2018-09-10 10:54:57 - [TEST_STEP][PASSED] - delay: Delayed 2 second(s)

2018-09-10 10:54:59 - [MESSAGE][PASSED] - Delayed 2 second(s)

2018-09-10 10:54:59 - [TEST_STEP][PASSED] - click: Object: 'Object Repository/Page_Callidus Cloud Commissions Man/a_Variables' is clicked on

2018-09-10 10:54:59 - [MESSAGE][PASSED] - Object: 'Object Repository/Page_Callidus Cloud Commissions Man/a_Variables' is clicked on

2018-09-10 10:54:59 - [TEST_STEP][PASSED] - delay: Delayed 2 second(s)

2018-09-10 10:55:01 - [MESSAGE][PASSED] - Delayed 2 second(s)

2018-09-10 10:55:01 - [TEST_STEP][PASSED] - click: Object: 'Object Repository/Page_Callidus Cloud Commissions Man/a_Advanced Search' is clicked on

2018-09-10 10:55:01 - [MESSAGE][PASSED] - Object: 'Object Repository/Page_Callidus Cloud Commissions Man/a_Advanced Search' is clicked on

2018-09-10 10:55:01 - [TEST_STEP][PASSED] - delay: Delayed 2 second(s)

2018-09-10 10:55:03 - [MESSAGE][PASSED] - Delayed 2 second(s)

2018-09-10 10:55:03 - [TEST_STEP][PASSED] - click: Object: 'Object Repository/Page_Callidus Cloud Commissions Man/td_Field Name' is clicked on

2018-09-10 10:55:04 - [MESSAGE][PASSED] - Object: 'Object Repository/Page_Callidus Cloud Commissions Man/td_Field Name' is clicked on

2018-09-10 10:55:04 - [TEST_STEP][PASSED] - delay: Delayed 2 second(s)

2018-09-10 10:55:06 - [MESSAGE][PASSED] - Delayed 2 second(s)

2018-09-10 10:55:06 - [TEST_STEP][PASSED] - scrollToElement: Scroll to object 'Object Repository/Page_Callidus Cloud Commissions Man/option_Variables' successfully

2018-09-10 10:55:06 - [MESSAGE][PASSED] - Scroll to object 'Object Repository/Page_Callidus Cloud Commissions Man/option_Variables' successfully

2018-09-10 10:55:06 - [TEST_STEP][PASSED] - delay: Delayed 2 second(s)

2018-09-10 10:55:08 - [MESSAGE][PASSED] - Delayed 2 second(s)

2018-09-10 10:55:08 - [TEST_STEP][PASSED] - click: Object: 'Object Repository/Page_Callidus Cloud Commissions Man/option_Variables' is clicked on

2018-09-10 10:55:08 - [MESSAGE][PASSED] - Object: 'Object Repository/Page_Callidus Cloud Commissions Man/option_Variables' is clicked on

2018-09-10 10:55:08 - [TEST_STEP][PASSED] - click: Object: 'Object Repository/Page_Callidus Cloud Commissions Man/td_Comparision' is clicked on

2018-09-10 10:55:08 - [MESSAGE][PASSED] - Object: 'Object Repository/Page_Callidus Cloud Commissions Man/td_Comparision' is clicked on

2018-09-10 10:55:08 - [TEST_STEP][NOT_RUN] - delay: NOT_RUN: delay

2018-09-10 10:55:08 - [MESSAGE][NOT_RUN] - NOT_RUN: delay

2018-09-10 10:55:08 - [TEST_STEP][NOT_RUN] - deselectOptionByIndex: NOT_RUN: deselectOptionByIndex

2018-09-10 10:55:08 - [MESSAGE][NOT_RUN] - NOT_RUN: deselectOptionByIndex

2018-09-10 10:55:08 - [TEST_STEP][PASSED] - delay: Delayed 2 second(s)

2018-09-10 10:55:10 - [MESSAGE][PASSED] - Delayed 2 second(s)

2018-09-10 10:55:10 - [TEST_STEP][PASSED] - scrollToElement: Scroll to object 'Object Repository/Page_Callidus Cloud Commissions Man/option_Equals' successfully

2018-09-10 10:55:10 - [MESSAGE][PASSED] - Scroll to object 'Object Repository/Page_Callidus Cloud Commissions Man/option_Equals' successfully

2018-09-10 10:55:10 - [TEST_STEP][PASSED] - delay: Delayed 2 second(s)

2018-09-10 10:55:12 - [MESSAGE][PASSED] - Delayed 2 second(s)

2018-09-10 10:55:12 - [TEST_STEP][PASSED] - click: Object: 'Object Repository/Page_Callidus Cloud Commissions Man/option_Equals' is clicked on

2018-09-10 10:55:12 - [MESSAGE][PASSED] - Object: 'Object Repository/Page_Callidus Cloud Commissions Man/option_Equals' is clicked on

2018-09-10 10:55:12 - [TEST_STEP][PASSED] - delay: Delayed 2 second(s)

2018-09-10 10:55:14 - [MESSAGE][PASSED] - Delayed 2 second(s)

2018-09-10 10:55:14 - [TEST_STEP][PASSED] - setText: Text 'Var_FV_Demo1' is set on object 'Object Repository/Page_Callidus Cloud Commissions Man/td_Value'

2018-09-10 10:55:14 - [MESSAGE][PASSED] - Text 'Var_FV_Demo1' is set on object 'Object Repository/Page_Callidus Cloud Commissions Man/td_Value'

2018-09-10 10:55:14 - [TEST_STEP][PASSED] - delay: Delayed 2 second(s)

2018-09-10 10:55:16 - [MESSAGE][PASSED] - Delayed 2 second(s)

2018-09-10 10:55:16 - [TEST_STEP][PASSED] - click: Object: 'Object Repository/Page_Callidus Cloud Commissions Man/input_Apply Search' is clicked on

2018-09-10 10:55:17 - [MESSAGE][PASSED] - Object: 'Object Repository/Page_Callidus Cloud Commissions Man/input_Apply Search' is clicked on

2018-09-10 10:55:17 - [TEST_STEP][PASSED] - delay: Delayed 5 second(s)

2018-09-10 10:55:22 - [MESSAGE][PASSED] - Delayed 5 second(s)

2018-09-10 10:55:22 - [TEST_STEP][NOT_RUN] - callTestCase: NOT_RUN: callTestCase

2018-09-10 10:55:22 - [MESSAGE][NOT_RUN] - NOT_RUN: callTestCase]]></system-out>
         <system-err><![CDATA[]]></system-err>
      </testcase>
      <testcase name="Test Cases/Incentive Rule exists in the system" classname="Test Cases/Incentive Rule exists in the system" status="PASSED">
         <system-out><![CDATA[2018-09-10 10:55:22 - [TEST_CASE][PASSED] - Test Cases/Incentive Rule exists in the system: Test Cases/Incentive Rule exists in the system

2018-09-10 10:55:22 - [TEST_STEP][NOT_RUN] - callTestCase: NOT_RUN: callTestCase

2018-09-10 10:55:22 - [MESSAGE][NOT_RUN] - NOT_RUN: callTestCase

2018-09-10 10:55:22 - [TEST_STEP][PASSED] - delay: Delayed 5 second(s)

2018-09-10 10:55:27 - [MESSAGE][PASSED] - Delayed 5 second(s)

2018-09-10 10:55:27 - [TEST_STEP][PASSED] - mouseOver: Object: 'Object Repository/Page_Plan Tab/a_Plan' is hovered

2018-09-10 10:55:27 - [MESSAGE][PASSED] - Object: 'Object Repository/Page_Plan Tab/a_Plan' is hovered

2018-09-10 10:55:27 - [TEST_STEP][PASSED] - delay: Delayed 3 second(s)

2018-09-10 10:55:30 - [MESSAGE][PASSED] - Delayed 3 second(s)

2018-09-10 10:55:30 - [TEST_STEP][PASSED] - scrollToElement: Scroll to object 'Object Repository/Page_Plan Tab/a_Rules' successfully

2018-09-10 10:55:30 - [MESSAGE][PASSED] - Scroll to object 'Object Repository/Page_Plan Tab/a_Rules' successfully

2018-09-10 10:55:30 - [TEST_STEP][PASSED] - delay: Delayed 2 second(s)

2018-09-10 10:55:32 - [MESSAGE][PASSED] - Delayed 2 second(s)

2018-09-10 10:55:32 - [TEST_STEP][PASSED] - click: Object: 'Object Repository/Page_Plan Tab/a_Rules' is clicked on

2018-09-10 10:55:34 - [MESSAGE][PASSED] - Object: 'Object Repository/Page_Plan Tab/a_Rules' is clicked on

2018-09-10 10:55:34 - [TEST_STEP][PASSED] - delay: Delayed 2 second(s)

2018-09-10 10:55:36 - [MESSAGE][PASSED] - Delayed 2 second(s)

2018-09-10 10:55:36 - [TEST_STEP][PASSED] - click: Object: 'Object Repository/Page_Callidus Cloud Commissions Man/a_Advanced Search' is clicked on

2018-09-10 10:55:36 - [MESSAGE][PASSED] - Object: 'Object Repository/Page_Callidus Cloud Commissions Man/a_Advanced Search' is clicked on

2018-09-10 10:55:36 - [TEST_STEP][PASSED] - delay: Delayed 3 second(s)

2018-09-10 10:55:39 - [MESSAGE][PASSED] - Delayed 3 second(s)

2018-09-10 10:55:39 - [TEST_STEP][PASSED] - click: Object: 'Object Repository/Page_Callidus Cloud Commissions Man/td_Field Name' is clicked on

2018-09-10 10:55:39 - [MESSAGE][PASSED] - Object: 'Object Repository/Page_Callidus Cloud Commissions Man/td_Field Name' is clicked on

2018-09-10 10:55:39 - [TEST_STEP][PASSED] - delay: Delayed 2 second(s)

2018-09-10 10:55:41 - [MESSAGE][PASSED] - Delayed 2 second(s)

2018-09-10 10:55:41 - [TEST_STEP][PASSED] - scrollToElement: Scroll to object 'Object Repository/Page_Plan Tab/a_Field_name' successfully

2018-09-10 10:55:41 - [MESSAGE][PASSED] - Scroll to object 'Object Repository/Page_Plan Tab/a_Field_name' successfully

2018-09-10 10:55:41 - [TEST_STEP][PASSED] - click: Object: 'Object Repository/Page_Plan Tab/a_Field_name' is clicked on

2018-09-10 10:55:41 - [MESSAGE][PASSED] - Object: 'Object Repository/Page_Plan Tab/a_Field_name' is clicked on

2018-09-10 10:55:41 - [TEST_STEP][PASSED] - click: Object: 'Object Repository/Page_Callidus Cloud Commissions Man/td_Comparision' is clicked on

2018-09-10 10:55:41 - [MESSAGE][PASSED] - Object: 'Object Repository/Page_Callidus Cloud Commissions Man/td_Comparision' is clicked on

2018-09-10 10:55:41 - [TEST_STEP][PASSED] - delay: Delayed 2 second(s)

2018-09-10 10:55:43 - [MESSAGE][PASSED] - Delayed 2 second(s)

2018-09-10 10:55:43 - [TEST_STEP][PASSED] - scrollToElement: Scroll to object 'Object Repository/Page_Callidus Cloud Commissions Man/option_Equals' successfully

2018-09-10 10:55:43 - [MESSAGE][PASSED] - Scroll to object 'Object Repository/Page_Callidus Cloud Commissions Man/option_Equals' successfully

2018-09-10 10:55:43 - [TEST_STEP][PASSED] - click: Object: 'Object Repository/Page_Callidus Cloud Commissions Man/option_Equals' is clicked on

2018-09-10 10:55:43 - [MESSAGE][PASSED] - Object: 'Object Repository/Page_Callidus Cloud Commissions Man/option_Equals' is clicked on

2018-09-10 10:55:43 - [TEST_STEP][PASSED] - delay: Delayed 2 second(s)

2018-09-10 10:55:45 - [MESSAGE][PASSED] - Delayed 2 second(s)

2018-09-10 10:55:45 - [TEST_STEP][PASSED] - setText: Text 'IR Base Commissions Flat Rate Quota Based MTD' is set on object 'Object Repository/Page_Callidus Cloud Commissions Man/td_Value'

2018-09-10 10:55:46 - [MESSAGE][PASSED] - Text 'IR Base Commissions Flat Rate Quota Based MTD' is set on object 'Object Repository/Page_Callidus Cloud Commissions Man/td_Value'

2018-09-10 10:55:46 - [TEST_STEP][PASSED] - click: Object: 'Object Repository/Page_Callidus Cloud Commissions Man/input_Apply Search' is clicked on

2018-09-10 10:55:47 - [MESSAGE][PASSED] - Object: 'Object Repository/Page_Callidus Cloud Commissions Man/input_Apply Search' is clicked on

2018-09-10 10:55:47 - [TEST_STEP][NOT_RUN] - callTestCase: NOT_RUN: callTestCase

2018-09-10 10:55:47 - [MESSAGE][NOT_RUN] - NOT_RUN: callTestCase]]></system-out>
         <system-err><![CDATA[]]></system-err>
      </testcase>
      <testcase name="Test Cases/Lookup_Table_Varaibles_exist_in_the_system" classname="Test Cases/Lookup_Table_Varaibles_exist_in_the_system" status="PASSED">
         <system-out><![CDATA[2018-09-10 10:55:47 - [TEST_CASE][PASSED] - Test Cases/Lookup_Table_Varaibles_exist_in_the_system: Test Cases/Lookup_Table_Varaibles_exist_in_the_system

2018-09-10 10:55:47 - [TEST_STEP][NOT_RUN] - callTestCase: NOT_RUN: callTestCase

2018-09-10 10:55:47 - [MESSAGE][NOT_RUN] - NOT_RUN: callTestCase

2018-09-10 10:55:47 - [TEST_STEP][PASSED] - mouseOver: Object: 'Object Repository/Page_Callidus Cloud Commissions Man/div_PLAN' is hovered

2018-09-10 10:55:47 - [MESSAGE][PASSED] - Object: 'Object Repository/Page_Callidus Cloud Commissions Man/div_PLAN' is hovered

2018-09-10 10:55:47 - [TEST_STEP][PASSED] - delay: Delayed 2 second(s)

2018-09-10 10:55:49 - [MESSAGE][PASSED] - Delayed 2 second(s)

2018-09-10 10:55:49 - [TEST_STEP][PASSED] - scrollToElement: Scroll to object 'Object Repository/Page_Callidus Cloud Commissions Man/a_Plan Components' successfully

2018-09-10 10:55:49 - [MESSAGE][PASSED] - Scroll to object 'Object Repository/Page_Callidus Cloud Commissions Man/a_Plan Components' successfully

2018-09-10 10:55:49 - [TEST_STEP][PASSED] - delay: Delayed 2 second(s)

2018-09-10 10:55:51 - [MESSAGE][PASSED] - Delayed 2 second(s)

2018-09-10 10:55:51 - [TEST_STEP][PASSED] - scrollToElement: Scroll to object 'Object Repository/Page_Callidus Cloud Commissions Man/a_Variables' successfully

2018-09-10 10:55:51 - [MESSAGE][PASSED] - Scroll to object 'Object Repository/Page_Callidus Cloud Commissions Man/a_Variables' successfully

2018-09-10 10:55:51 - [TEST_STEP][PASSED] - delay: Delayed 2 second(s)

2018-09-10 10:55:53 - [MESSAGE][PASSED] - Delayed 2 second(s)

2018-09-10 10:55:53 - [TEST_STEP][PASSED] - click: Object: 'Object Repository/Page_Callidus Cloud Commissions Man/a_Variables' is clicked on

2018-09-10 10:55:54 - [MESSAGE][PASSED] - Object: 'Object Repository/Page_Callidus Cloud Commissions Man/a_Variables' is clicked on

2018-09-10 10:55:54 - [TEST_STEP][PASSED] - delay: Delayed 2 second(s)

2018-09-10 10:55:56 - [MESSAGE][PASSED] - Delayed 2 second(s)

2018-09-10 10:55:56 - [TEST_STEP][PASSED] - click: Object: 'Object Repository/Page_Callidus Cloud Commissions Man/a_Advanced Search' is clicked on

2018-09-10 10:55:56 - [MESSAGE][PASSED] - Object: 'Object Repository/Page_Callidus Cloud Commissions Man/a_Advanced Search' is clicked on

2018-09-10 10:55:56 - [TEST_STEP][PASSED] - click: Object: 'Object Repository/Page_Callidus Cloud Commissions Man/td_Field Name' is clicked on

2018-09-10 10:55:56 - [MESSAGE][PASSED] - Object: 'Object Repository/Page_Callidus Cloud Commissions Man/td_Field Name' is clicked on

2018-09-10 10:55:56 - [TEST_STEP][PASSED] - delay: Delayed 2 second(s)

2018-09-10 10:55:58 - [MESSAGE][PASSED] - Delayed 2 second(s)

2018-09-10 10:55:58 - [TEST_STEP][PASSED] - scrollToElement: Scroll to object 'Object Repository/Page_Callidus Cloud Commissions Man/option_Variables' successfully

2018-09-10 10:55:59 - [MESSAGE][PASSED] - Scroll to object 'Object Repository/Page_Callidus Cloud Commissions Man/option_Variables' successfully

2018-09-10 10:55:59 - [TEST_STEP][PASSED] - delay: Delayed 2 second(s)

2018-09-10 10:56:01 - [MESSAGE][PASSED] - Delayed 2 second(s)

2018-09-10 10:56:01 - [TEST_STEP][PASSED] - click: Object: 'Object Repository/Page_Callidus Cloud Commissions Man/option_Variables' is clicked on

2018-09-10 10:56:01 - [MESSAGE][PASSED] - Object: 'Object Repository/Page_Callidus Cloud Commissions Man/option_Variables' is clicked on

2018-09-10 10:56:01 - [TEST_STEP][PASSED] - click: Object: 'Object Repository/Page_Callidus Cloud Commissions Man/td_Comparision' is clicked on

2018-09-10 10:56:01 - [MESSAGE][PASSED] - Object: 'Object Repository/Page_Callidus Cloud Commissions Man/td_Comparision' is clicked on

2018-09-10 10:56:01 - [TEST_STEP][PASSED] - delay: Delayed 2 second(s)

2018-09-10 10:56:03 - [MESSAGE][PASSED] - Delayed 2 second(s)

2018-09-10 10:56:03 - [TEST_STEP][PASSED] - scrollToElement: Scroll to object 'Object Repository/Page_Callidus Cloud Commissions Man/option_Equals' successfully

2018-09-10 10:56:03 - [MESSAGE][PASSED] - Scroll to object 'Object Repository/Page_Callidus Cloud Commissions Man/option_Equals' successfully

2018-09-10 10:56:03 - [TEST_STEP][PASSED] - delay: Delayed 2 second(s)

2018-09-10 10:56:05 - [MESSAGE][PASSED] - Delayed 2 second(s)

2018-09-10 10:56:05 - [TEST_STEP][PASSED] - click: Object: 'Object Repository/Page_Callidus Cloud Commissions Man/option_Equals' is clicked on

2018-09-10 10:56:05 - [MESSAGE][PASSED] - Object: 'Object Repository/Page_Callidus Cloud Commissions Man/option_Equals' is clicked on

2018-09-10 10:56:05 - [TEST_STEP][PASSED] - delay: Delayed 2 second(s)

2018-09-10 10:56:07 - [MESSAGE][PASSED] - Delayed 2 second(s)

2018-09-10 10:56:07 - [TEST_STEP][PASSED] - setText: Text 'Var_LT_Demo4' is set on object 'Object Repository/Page_Callidus Cloud Commissions Man/td_Value'

2018-09-10 10:56:08 - [MESSAGE][PASSED] - Text 'Var_LT_Demo4' is set on object 'Object Repository/Page_Callidus Cloud Commissions Man/td_Value'

2018-09-10 10:56:08 - [TEST_STEP][PASSED] - click: Object: 'Object Repository/Page_Callidus Cloud Commissions Man/input_Apply Search' is clicked on

2018-09-10 10:56:08 - [MESSAGE][PASSED] - Object: 'Object Repository/Page_Callidus Cloud Commissions Man/input_Apply Search' is clicked on

2018-09-10 10:56:08 - [TEST_STEP][PASSED] - delay: Delayed 5 second(s)

2018-09-10 10:56:13 - [MESSAGE][PASSED] - Delayed 5 second(s)

2018-09-10 10:56:13 - [TEST_STEP][NOT_RUN] - callTestCase: NOT_RUN: callTestCase

2018-09-10 10:56:13 - [MESSAGE][NOT_RUN] - NOT_RUN: callTestCase]]></system-out>
         <system-err><![CDATA[]]></system-err>
      </testcase>
      <testcase name="Test Cases/Measurement Rule exists in the system" classname="Test Cases/Measurement Rule exists in the system" status="PASSED">
         <system-out><![CDATA[2018-09-10 10:56:13 - [TEST_CASE][PASSED] - Test Cases/Measurement Rule exists in the system: Test Cases/Measurement Rule exists in the system

2018-09-10 10:56:13 - [TEST_STEP][NOT_RUN] - callTestCase: NOT_RUN: callTestCase

2018-09-10 10:56:13 - [MESSAGE][NOT_RUN] - NOT_RUN: callTestCase

2018-09-10 10:56:13 - [TEST_STEP][PASSED] - delay: Delayed 5 second(s)

2018-09-10 10:56:18 - [MESSAGE][PASSED] - Delayed 5 second(s)

2018-09-10 10:56:18 - [TEST_STEP][PASSED] - mouseOver: Object: 'Object Repository/Page_Plan Tab/a_Plan' is hovered

2018-09-10 10:56:18 - [MESSAGE][PASSED] - Object: 'Object Repository/Page_Plan Tab/a_Plan' is hovered

2018-09-10 10:56:18 - [TEST_STEP][PASSED] - delay: Delayed 3 second(s)

2018-09-10 10:56:21 - [MESSAGE][PASSED] - Delayed 3 second(s)

2018-09-10 10:56:21 - [TEST_STEP][PASSED] - scrollToElement: Scroll to object 'Object Repository/Page_Plan Tab/a_Rules' successfully

2018-09-10 10:56:21 - [MESSAGE][PASSED] - Scroll to object 'Object Repository/Page_Plan Tab/a_Rules' successfully

2018-09-10 10:56:21 - [TEST_STEP][PASSED] - delay: Delayed 2 second(s)

2018-09-10 10:56:23 - [MESSAGE][PASSED] - Delayed 2 second(s)

2018-09-10 10:56:23 - [TEST_STEP][PASSED] - click: Object: 'Object Repository/Page_Plan Tab/a_Rules' is clicked on

2018-09-10 10:56:24 - [MESSAGE][PASSED] - Object: 'Object Repository/Page_Plan Tab/a_Rules' is clicked on

2018-09-10 10:56:24 - [TEST_STEP][PASSED] - delay: Delayed 2 second(s)

2018-09-10 10:56:26 - [MESSAGE][PASSED] - Delayed 2 second(s)

2018-09-10 10:56:26 - [TEST_STEP][PASSED] - click: Object: 'Object Repository/Page_Callidus Cloud Commissions Man/a_Advanced Search' is clicked on

2018-09-10 10:56:26 - [MESSAGE][PASSED] - Object: 'Object Repository/Page_Callidus Cloud Commissions Man/a_Advanced Search' is clicked on

2018-09-10 10:56:26 - [TEST_STEP][PASSED] - delay: Delayed 2 second(s)

2018-09-10 10:56:28 - [MESSAGE][PASSED] - Delayed 2 second(s)

2018-09-10 10:56:28 - [TEST_STEP][PASSED] - click: Object: 'Object Repository/Page_Callidus Cloud Commissions Man/td_Field Name' is clicked on

2018-09-10 10:56:28 - [MESSAGE][PASSED] - Object: 'Object Repository/Page_Callidus Cloud Commissions Man/td_Field Name' is clicked on

2018-09-10 10:56:28 - [TEST_STEP][PASSED] - delay: Delayed 2 second(s)

2018-09-10 10:56:30 - [MESSAGE][PASSED] - Delayed 2 second(s)

2018-09-10 10:56:30 - [TEST_STEP][PASSED] - scrollToElement: Scroll to object 'Object Repository/Page_Plan Tab/a_Field_name' successfully

2018-09-10 10:56:30 - [MESSAGE][PASSED] - Scroll to object 'Object Repository/Page_Plan Tab/a_Field_name' successfully

2018-09-10 10:56:30 - [TEST_STEP][PASSED] - delay: Delayed 2 second(s)

2018-09-10 10:56:32 - [MESSAGE][PASSED] - Delayed 2 second(s)

2018-09-10 10:56:32 - [TEST_STEP][PASSED] - click: Object: 'Object Repository/Page_Plan Tab/a_Field_name' is clicked on

2018-09-10 10:56:32 - [MESSAGE][PASSED] - Object: 'Object Repository/Page_Plan Tab/a_Field_name' is clicked on

2018-09-10 10:56:32 - [TEST_STEP][PASSED] - click: Object: 'Object Repository/Page_Callidus Cloud Commissions Man/td_Comparision' is clicked on

2018-09-10 10:56:33 - [MESSAGE][PASSED] - Object: 'Object Repository/Page_Callidus Cloud Commissions Man/td_Comparision' is clicked on

2018-09-10 10:56:33 - [TEST_STEP][PASSED] - delay: Delayed 2 second(s)

2018-09-10 10:56:35 - [MESSAGE][PASSED] - Delayed 2 second(s)

2018-09-10 10:56:35 - [TEST_STEP][PASSED] - scrollToElement: Scroll to object 'Object Repository/Page_Callidus Cloud Commissions Man/option_Equals' successfully

2018-09-10 10:56:35 - [MESSAGE][PASSED] - Scroll to object 'Object Repository/Page_Callidus Cloud Commissions Man/option_Equals' successfully

2018-09-10 10:56:35 - [TEST_STEP][PASSED] - delay: Delayed 2 second(s)

2018-09-10 10:56:37 - [MESSAGE][PASSED] - Delayed 2 second(s)

2018-09-10 10:56:37 - [TEST_STEP][PASSED] - click: Object: 'Object Repository/Page_Callidus Cloud Commissions Man/option_Equals' is clicked on

2018-09-10 10:56:37 - [MESSAGE][PASSED] - Object: 'Object Repository/Page_Callidus Cloud Commissions Man/option_Equals' is clicked on

2018-09-10 10:56:37 - [TEST_STEP][PASSED] - delay: Delayed 2 second(s)

2018-09-10 10:56:39 - [MESSAGE][PASSED] - Delayed 2 second(s)

2018-09-10 10:56:39 - [TEST_STEP][PASSED] - setText: Text 'MR Testrule' is set on object 'Object Repository/Page_Callidus Cloud Commissions Man/td_Value'

2018-09-10 10:56:39 - [MESSAGE][PASSED] - Text 'MR Testrule' is set on object 'Object Repository/Page_Callidus Cloud Commissions Man/td_Value'

2018-09-10 10:56:39 - [TEST_STEP][PASSED] - delay: Delayed 2 second(s)

2018-09-10 10:56:41 - [MESSAGE][PASSED] - Delayed 2 second(s)

2018-09-10 10:56:41 - [TEST_STEP][PASSED] - click: Object: 'Object Repository/Page_Callidus Cloud Commissions Man/input_Apply Search' is clicked on

2018-09-10 10:56:41 - [MESSAGE][PASSED] - Object: 'Object Repository/Page_Callidus Cloud Commissions Man/input_Apply Search' is clicked on

2018-09-10 10:56:41 - [TEST_STEP][NOT_RUN] - acceptAlert: NOT_RUN: acceptAlert

2018-09-10 10:56:41 - [MESSAGE][NOT_RUN] - NOT_RUN: acceptAlert

2018-09-10 10:56:41 - [TEST_STEP][NOT_RUN] - callTestCase: NOT_RUN: callTestCase

2018-09-10 10:56:41 - [MESSAGE][NOT_RUN] - NOT_RUN: callTestCase]]></system-out>
         <system-err><![CDATA[]]></system-err>
      </testcase>
      <testcase name="Test Cases/Plan Components exist in the system" classname="Test Cases/Plan Components exist in the system" status="PASSED">
         <system-out><![CDATA[2018-09-10 10:56:41 - [TEST_CASE][PASSED] - Test Cases/Plan Components exist in the system: Test Cases/Plan Components exist in the system

2018-09-10 10:56:42 - [TEST_STEP][NOT_RUN] - callTestCase: NOT_RUN: callTestCase

2018-09-10 10:56:42 - [MESSAGE][NOT_RUN] - NOT_RUN: callTestCase

2018-09-10 10:56:42 - [TEST_STEP][PASSED] - mouseOver: Object: 'Object Repository/Page_Callidus Cloud Commissions Man/div_PLAN' is hovered

2018-09-10 10:56:42 - [MESSAGE][PASSED] - Object: 'Object Repository/Page_Callidus Cloud Commissions Man/div_PLAN' is hovered

2018-09-10 10:56:42 - [TEST_STEP][PASSED] - delay: Delayed 2 second(s)

2018-09-10 10:56:44 - [MESSAGE][PASSED] - Delayed 2 second(s)

2018-09-10 10:56:44 - [TEST_STEP][PASSED] - scrollToElement: Scroll to object 'Object Repository/Page_Callidus Cloud Commissions Man/a_Plan Components' successfully

2018-09-10 10:56:44 - [MESSAGE][PASSED] - Scroll to object 'Object Repository/Page_Callidus Cloud Commissions Man/a_Plan Components' successfully

2018-09-10 10:56:44 - [TEST_STEP][PASSED] - delay: Delayed 2 second(s)

2018-09-10 10:56:46 - [MESSAGE][PASSED] - Delayed 2 second(s)

2018-09-10 10:56:46 - [TEST_STEP][PASSED] - click: Object: 'Object Repository/Page_Callidus Cloud Commissions Man/a_Plan Components' is clicked on

2018-09-10 10:56:47 - [MESSAGE][PASSED] - Object: 'Object Repository/Page_Callidus Cloud Commissions Man/a_Plan Components' is clicked on

2018-09-10 10:56:47 - [TEST_STEP][PASSED] - click: Object: 'Object Repository/Page_Callidus Cloud Commissions Man/a_Advanced Search' is clicked on

2018-09-10 10:56:48 - [MESSAGE][PASSED] - Object: 'Object Repository/Page_Callidus Cloud Commissions Man/a_Advanced Search' is clicked on

2018-09-10 10:56:48 - [TEST_STEP][PASSED] - click: Object: 'Object Repository/Page_Callidus Cloud Commissions Man/td_Field Name' is clicked on

2018-09-10 10:56:48 - [MESSAGE][PASSED] - Object: 'Object Repository/Page_Callidus Cloud Commissions Man/td_Field Name' is clicked on

2018-09-10 10:56:48 - [TEST_STEP][PASSED] - delay: Delayed 2 second(s)

2018-09-10 10:56:50 - [MESSAGE][PASSED] - Delayed 2 second(s)

2018-09-10 10:56:50 - [TEST_STEP][PASSED] - scrollToElement: Scroll to object 'Object Repository/Page_Callidus Cloud Commissions Man/option_Plan Components' successfully

2018-09-10 10:56:50 - [MESSAGE][PASSED] - Scroll to object 'Object Repository/Page_Callidus Cloud Commissions Man/option_Plan Components' successfully

2018-09-10 10:56:50 - [TEST_STEP][PASSED] - delay: Delayed 2 second(s)

2018-09-10 10:56:52 - [MESSAGE][PASSED] - Delayed 2 second(s)

2018-09-10 10:56:52 - [TEST_STEP][PASSED] - click: Object: 'Object Repository/Page_Callidus Cloud Commissions Man/option_Plan Components' is clicked on

2018-09-10 10:56:53 - [MESSAGE][PASSED] - Object: 'Object Repository/Page_Callidus Cloud Commissions Man/option_Plan Components' is clicked on

2018-09-10 10:56:53 - [TEST_STEP][PASSED] - click: Object: 'Object Repository/Page_Callidus Cloud Commissions Man/td_Comparision' is clicked on

2018-09-10 10:56:53 - [MESSAGE][PASSED] - Object: 'Object Repository/Page_Callidus Cloud Commissions Man/td_Comparision' is clicked on

2018-09-10 10:56:53 - [TEST_STEP][PASSED] - scrollToElement: Scroll to object 'Object Repository/Page_Callidus Cloud Commissions Man/option_Equals' successfully

2018-09-10 10:56:53 - [MESSAGE][PASSED] - Scroll to object 'Object Repository/Page_Callidus Cloud Commissions Man/option_Equals' successfully

2018-09-10 10:56:53 - [TEST_STEP][PASSED] - delay: Delayed 2 second(s)

2018-09-10 10:56:55 - [MESSAGE][PASSED] - Delayed 2 second(s)

2018-09-10 10:56:55 - [TEST_STEP][PASSED] - click: Object: 'Object Repository/Page_Callidus Cloud Commissions Man/option_Equals' is clicked on

2018-09-10 10:56:55 - [MESSAGE][PASSED] - Object: 'Object Repository/Page_Callidus Cloud Commissions Man/option_Equals' is clicked on

2018-09-10 10:56:55 - [TEST_STEP][PASSED] - delay: Delayed 2 second(s)

2018-09-10 10:56:57 - [MESSAGE][PASSED] - Delayed 2 second(s)

2018-09-10 10:56:57 - [TEST_STEP][PASSED] - setText: Text 'Aggregated Revenue against Territory based on Flat Rate' is set on object 'Object Repository/Page_Callidus Cloud Commissions Man/td_Value'

2018-09-10 10:56:58 - [MESSAGE][PASSED] - Text 'Aggregated Revenue against Territory based on Flat Rate' is set on object 'Object Repository/Page_Callidus Cloud Commissions Man/td_Value'

2018-09-10 10:56:58 - [TEST_STEP][PASSED] - click: Object: 'Object Repository/Page_Callidus Cloud Commissions Man/input_Apply Search' is clicked on

2018-09-10 10:56:58 - [MESSAGE][PASSED] - Object: 'Object Repository/Page_Callidus Cloud Commissions Man/input_Apply Search' is clicked on

2018-09-10 10:56:58 - [TEST_STEP][NOT_RUN] - callTestCase: NOT_RUN: callTestCase

2018-09-10 10:56:58 - [MESSAGE][NOT_RUN] - NOT_RUN: callTestCase]]></system-out>
         <system-err><![CDATA[]]></system-err>
      </testcase>
      <testcase name="Test Cases/Plans exist in the system" classname="Test Cases/Plans exist in the system" status="PASSED">
         <system-out><![CDATA[2018-09-10 10:56:58 - [TEST_CASE][PASSED] - Test Cases/Plans exist in the system: Test Cases/Plans exist in the system

2018-09-10 10:56:58 - [TEST_STEP][NOT_RUN] - callTestCase: NOT_RUN: callTestCase

2018-09-10 10:56:58 - [MESSAGE][NOT_RUN] - NOT_RUN: callTestCase

2018-09-10 10:56:58 - [TEST_STEP][PASSED] - mouseOver: Object: 'Object Repository/Page_Callidus Cloud Commissions Man/div_PLAN' is hovered

2018-09-10 10:56:59 - [MESSAGE][PASSED] - Object: 'Object Repository/Page_Callidus Cloud Commissions Man/div_PLAN' is hovered

2018-09-10 10:56:59 - [TEST_STEP][PASSED] - delay: Delayed 5 second(s)

2018-09-10 10:57:04 - [MESSAGE][PASSED] - Delayed 5 second(s)

2018-09-10 10:57:04 - [TEST_STEP][PASSED] - scrollToElement: Scroll to object 'Object Repository/Page_Callidus Cloud Commissions Man/a_Plans' successfully

2018-09-10 10:57:04 - [MESSAGE][PASSED] - Scroll to object 'Object Repository/Page_Callidus Cloud Commissions Man/a_Plans' successfully

2018-09-10 10:57:04 - [TEST_STEP][PASSED] - click: Object: 'Object Repository/Page_Callidus Cloud Commissions Man/a_Plans' is clicked on

2018-09-10 10:57:05 - [MESSAGE][PASSED] - Object: 'Object Repository/Page_Callidus Cloud Commissions Man/a_Plans' is clicked on

2018-09-10 10:57:05 - [TEST_STEP][PASSED] - click: Object: 'Object Repository/Page_Callidus Cloud Commissions Man/a_Advanced Search' is clicked on

2018-09-10 10:57:05 - [MESSAGE][PASSED] - Object: 'Object Repository/Page_Callidus Cloud Commissions Man/a_Advanced Search' is clicked on

2018-09-10 10:57:05 - [TEST_STEP][PASSED] - click: Object: 'Object Repository/Page_Callidus Cloud Commissions Man/td_Field Name' is clicked on

2018-09-10 10:57:06 - [MESSAGE][PASSED] - Object: 'Object Repository/Page_Callidus Cloud Commissions Man/td_Field Name' is clicked on

2018-09-10 10:57:06 - [TEST_STEP][PASSED] - scrollToElement: Scroll to object 'Object Repository/Page_Callidus Cloud Commissions Man/option_Plans' successfully

2018-09-10 10:57:06 - [MESSAGE][PASSED] - Scroll to object 'Object Repository/Page_Callidus Cloud Commissions Man/option_Plans' successfully

2018-09-10 10:57:06 - [TEST_STEP][PASSED] - delay: Delayed 2 second(s)

2018-09-10 10:57:08 - [MESSAGE][PASSED] - Delayed 2 second(s)

2018-09-10 10:57:08 - [TEST_STEP][PASSED] - click: Object: 'Object Repository/Page_Callidus Cloud Commissions Man/option_Plans' is clicked on

2018-09-10 10:57:08 - [MESSAGE][PASSED] - Object: 'Object Repository/Page_Callidus Cloud Commissions Man/option_Plans' is clicked on

2018-09-10 10:57:08 - [TEST_STEP][PASSED] - click: Object: 'Object Repository/Page_Callidus Cloud Commissions Man/td_Comparision' is clicked on

2018-09-10 10:57:08 - [MESSAGE][PASSED] - Object: 'Object Repository/Page_Callidus Cloud Commissions Man/td_Comparision' is clicked on

2018-09-10 10:57:08 - [TEST_STEP][PASSED] - scrollToElement: Scroll to object 'Object Repository/Page_Callidus Cloud Commissions Man/option_Equals' successfully

2018-09-10 10:57:08 - [MESSAGE][PASSED] - Scroll to object 'Object Repository/Page_Callidus Cloud Commissions Man/option_Equals' successfully

2018-09-10 10:57:08 - [TEST_STEP][PASSED] - delay: Delayed 2 second(s)

2018-09-10 10:57:10 - [MESSAGE][PASSED] - Delayed 2 second(s)

2018-09-10 10:57:10 - [TEST_STEP][PASSED] - click: Object: 'Object Repository/Page_Callidus Cloud Commissions Man/option_Equals' is clicked on

2018-09-10 10:57:10 - [MESSAGE][PASSED] - Object: 'Object Repository/Page_Callidus Cloud Commissions Man/option_Equals' is clicked on

2018-09-10 10:57:10 - [TEST_STEP][PASSED] - delay: Delayed 2 second(s)

2018-09-10 10:57:12 - [MESSAGE][PASSED] - Delayed 2 second(s)

2018-09-10 10:57:12 - [TEST_STEP][PASSED] - setText: Text 'compensation plan' is set on object 'Object Repository/Page_Callidus Cloud Commissions Man/td_Value'

2018-09-10 10:57:13 - [MESSAGE][PASSED] - Text 'compensation plan' is set on object 'Object Repository/Page_Callidus Cloud Commissions Man/td_Value'

2018-09-10 10:57:13 - [TEST_STEP][PASSED] - click: Object: 'Object Repository/Page_Callidus Cloud Commissions Man/input_Apply Search' is clicked on

2018-09-10 10:57:13 - [MESSAGE][PASSED] - Object: 'Object Repository/Page_Callidus Cloud Commissions Man/input_Apply Search' is clicked on

2018-09-10 10:57:13 - [TEST_STEP][NOT_RUN] - callTestCase: NOT_RUN: callTestCase

2018-09-10 10:57:13 - [MESSAGE][NOT_RUN] - NOT_RUN: callTestCase]]></system-out>
         <system-err><![CDATA[]]></system-err>
      </testcase>
      <testcase name="Test Cases/Position Groups exist in the system" classname="Test Cases/Position Groups exist in the system" status="FAILED">
         <failure type="FAILED" message="Unable to click on object 'Object Repository/Page_Callidus Cloud Commissions Man/a_Advanced Search' (Root cause: org.openqa.selenium.WebDriverException: unknown error: Element &lt;a href=&quot;javascript:void(0)&quot; data-ember-action=&quot;9250&quot; id=&quot;advanced-search&quot; class=&quot;selected&quot;>...&lt;/a> is not clickable at point (1484, 93). Other element would receive the click: &lt;a href=&quot;javascript:void(0)&quot;>...&lt;/a>
  (Session info: chrome=68.0.3440.106)
  (Driver info: chromedriver=2.35.528161 (5b82f2d2aae0ca24b877009200ced9065a772e73),platform=Windows NT 10.0.17134 x86_64) (WARNING: The server did not provide any stacktrace information)
Command duration or timeout: 0 milliseconds
Build info: version: '3.7.1', revision: '8a0099a', time: '2017-11-06T21:07:36.161Z'
System info: host: 'KIKOSANA-T450S', ip: '10.125.199.25', os.name: 'Windows 10', os.arch: 'amd64', os.version: '10.0', java.version: '1.8.0_181'
Driver info: com.kms.katalon.selenium.driver.CChromeDriver
Capabilities {acceptInsecureCerts: false, acceptSslCerts: false, applicationCacheEnabled: false, browserConnectionEnabled: false, browserName: chrome, chrome: {chromedriverVersion: 2.35.528161 (5b82f2d2aae0ca..., userDataDir: C:\Users\kikosana\AppData\L...}, cssSelectorsEnabled: true, databaseEnabled: false, handlesAlerts: true, hasTouchScreen: false, javascriptEnabled: true, locationContextEnabled: true, mobileEmulationEnabled: false, nativeEvents: true, networkConnectionEnabled: false, pageLoadStrategy: normal, platform: XP, platformName: XP, rotatable: false, setWindowRect: true, takesHeapSnapshot: true, takesScreenshot: true, unexpectedAlertBehaviour: , unhandledPromptBehavior: , version: 68.0.3440.106, webStorageEnabled: true}
Session ID: 919fde7521739faf36b97aff6c2db3b4)"/>
         <system-out><![CDATA[2018-09-10 10:57:13 - [TEST_CASE][FAILED] - Test Cases/Position Groups exist in the system: Test Cases/Position Groups exist in the system FAILED because (of) Unable to click on object 'Object Repository/Page_Callidus Cloud Commissions Man/a_Advanced Search' (Root cause: org.openqa.selenium.WebDriverException: unknown error: Element <a href="javascript:void(0)" data-ember-action="9250" id="advanced-search" class="selected">...</a> is not clickable at point (1484, 93). Other element would receive the click: <a href="javascript:void(0)">...</a>
  (Session info: chrome=68.0.3440.106)
  (Driver info: chromedriver=2.35.528161 (5b82f2d2aae0ca24b877009200ced9065a772e73),platform=Windows NT 10.0.17134 x86_64) (WARNING: The server did not provide any stacktrace information)
Command duration or timeout: 0 milliseconds
Build info: version: '3.7.1', revision: '8a0099a', time: '2017-11-06T21:07:36.161Z'
System info: host: 'KIKOSANA-T450S', ip: '10.125.199.25', os.name: 'Windows 10', os.arch: 'amd64', os.version: '10.0', java.version: '1.8.0_181'
Driver info: com.kms.katalon.selenium.driver.CChromeDriver
Capabilities {acceptInsecureCerts: false, acceptSslCerts: false, applicationCacheEnabled: false, browserConnectionEnabled: false, browserName: chrome, chrome: {chromedriverVersion: 2.35.528161 (5b82f2d2aae0ca..., userDataDir: C:\Users\kikosana\AppData\L...}, cssSelectorsEnabled: true, databaseEnabled: false, handlesAlerts: true, hasTouchScreen: false, javascriptEnabled: true, locationContextEnabled: true, mobileEmulationEnabled: false, nativeEvents: true, networkConnectionEnabled: false, pageLoadStrategy: normal, platform: XP, platformName: XP, rotatable: false, setWindowRect: true, takesHeapSnapshot: true, takesScreenshot: true, unexpectedAlertBehaviour: , unhandledPromptBehavior: , version: 68.0.3440.106, webStorageEnabled: true}
Session ID: 919fde7521739faf36b97aff6c2db3b4)

[...]

2018-09-10 10:58:57 - [MESSAGE][PASSED] - Object: 'Object Repository/Page_Callidus Cloud Commissions Man/a_Territory' is clicked on

2018-09-10 10:58:57 - [TEST_STEP][PASSED] - delay: Delayed 2 second(s)

2018-09-10 10:58:59 - [MESSAGE][PASSED] - Delayed 2 second(s)

2018-09-10 10:58:59 - [TEST_STEP][PASSED] - click: Object: 'Object Repository/Page_Callidus Cloud Commissions Man/a_Advanced Search' is clicked on

2018-09-10 10:58:59 - [MESSAGE][PASSED] - Object: 'Object Repository/Page_Callidus Cloud Commissions Man/a_Advanced Search' is clicked on

2018-09-10 10:58:59 - [TEST_STEP][PASSED] - click: Object: 'Object Repository/Page_Callidus Cloud Commissions Man/td_Field Name' is clicked on

2018-09-10 10:59:00 - [MESSAGE][PASSED] - Object: 'Object Repository/Page_Callidus Cloud Commissions Man/td_Field Name' is clicked on

2018-09-10 10:59:00 - [TEST_STEP][PASSED] - delay: Delayed 2 second(s)

2018-09-10 10:59:02 - [MESSAGE][PASSED] - Delayed 2 second(s)

2018-09-10 10:59:02 - [TEST_STEP][PASSED] - scrollToElement: Scroll to object 'Object Repository/Page_Callidus Cloud Commissions Man/option_Territory' successfully

2018-09-10 10:59:02 - [MESSAGE][PASSED] - Scroll to object 'Object Repository/Page_Callidus Cloud Commissions Man/option_Territory' successfully

2018-09-10 10:59:02 - [TEST_STEP][PASSED] - delay: Delayed 2 second(s)

2018-09-10 10:59:04 - [MESSAGE][PASSED] - Delayed 2 second(s)

2018-09-10 10:59:04 - [TEST_STEP][PASSED] - click: Object: 'Object Repository/Page_Callidus Cloud Commissions Man/option_Territory' is clicked on

2018-09-10 10:59:04 - [MESSAGE][PASSED] - Object: 'Object Repository/Page_Callidus Cloud Commissions Man/option_Territory' is clicked on

2018-09-10 10:59:04 - [TEST_STEP][PASSED] - click: Object: 'Object Repository/Page_Callidus Cloud Commissions Man/td_Comparision' is clicked on

2018-09-10 10:59:04 - [MESSAGE][PASSED] - Object: 'Object Repository/Page_Callidus Cloud Commissions Man/td_Comparision' is clicked on

2018-09-10 10:59:04 - [TEST_STEP][PASSED] - delay: Delayed 2 second(s)

2018-09-10 10:59:06 - [MESSAGE][PASSED] - Delayed 2 second(s)

2018-09-10 10:59:06 - [TEST_STEP][PASSED] - scrollToElement: Scroll to object 'Object Repository/Page_Callidus Cloud Commissions Man/option_Equals' successfully

2018-09-10 10:59:06 - [MESSAGE][PASSED] - Scroll to object 'Object Repository/Page_Callidus Cloud Commissions Man/option_Equals' successfully

2018-09-10 10:59:06 - [TEST_STEP][PASSED] - delay: Delayed 2 second(s)

2018-09-10 10:59:08 - [MESSAGE][PASSED] - Delayed 2 second(s)

2018-09-10 10:59:08 - [TEST_STEP][PASSED] - click: Object: 'Object Repository/Page_Callidus Cloud Commissions Man/option_Equals' is clicked on

2018-09-10 10:59:09 - [MESSAGE][PASSED] - Object: 'Object Repository/Page_Callidus Cloud Commissions Man/option_Equals' is clicked on

2018-09-10 10:59:09 - [TEST_STEP][PASSED] - delay: Delayed 2 second(s)

2018-09-10 10:59:11 - [MESSAGE][PASSED] - Delayed 2 second(s)

2018-09-10 10:59:11 - [TEST_STEP][PASSED] - setText: Text 'Territory_Demo' is set on object 'Object Repository/Page_Callidus Cloud Commissions Man/td_Value'

2018-09-10 10:59:11 - [MESSAGE][PASSED] - Text 'Territory_Demo' is set on object 'Object Repository/Page_Callidus Cloud Commissions Man/td_Value'

2018-09-10 10:59:11 - [TEST_STEP][PASSED] - delay: Delayed 2 second(s)

2018-09-10 10:59:13 - [MESSAGE][PASSED] - Delayed 2 second(s)

2018-09-10 10:59:13 - [TEST_STEP][PASSED] - click: Object: 'Object Repository/Page_Callidus Cloud Commissions Man/input_Apply Search' is clicked on

2018-09-10 10:59:13 - [MESSAGE][PASSED] - Object: 'Object Repository/Page_Callidus Cloud Commissions Man/input_Apply Search' is clicked on

2018-09-10 10:59:13 - [TEST_STEP][NOT_RUN] - callTestCase: NOT_RUN: callTestCase

2018-09-10 10:59:13 - [MESSAGE][NOT_RUN] - NOT_RUN: callTestCase]]></system-out>
         <system-err><![CDATA[]]></system-err>
      </testcase>
      <testcase name="Test Cases/Territory_Variables_exist_in_the_system" classname="Test Cases/Territory_Variables_exist_in_the_system" status="PASSED">
         <system-out><![CDATA[2018-09-10 10:59:13 - [TEST_CASE][PASSED] - Test Cases/Territory_Variables_exist_in_the_system: Test Cases/Territory_Variables_exist_in_the_system

2018-09-10 10:59:13 - [TEST_STEP][NOT_RUN] - callTestCase: NOT_RUN: callTestCase

2018-09-10 10:59:13 - [MESSAGE][NOT_RUN] - NOT_RUN: callTestCase

2018-09-10 10:59:13 - [TEST_STEP][PASSED] - mouseOver: Object: 'Object Repository/Page_Callidus Cloud Commissions Man/div_PLAN' is hovered

2018-09-10 10:59:14 - [MESSAGE][PASSED] - Object: 'Object Repository/Page_Callidus Cloud Commissions Man/div_PLAN' is hovered

2018-09-10 10:59:14 - [TEST_STEP][PASSED] - delay: Delayed 2 second(s)

2018-09-10 10:59:16 - [MESSAGE][PASSED] - Delayed 2 second(s)

2018-09-10 10:59:16 - [TEST_STEP][PASSED] - scrollToElement: Scroll to object 'Object Repository/Page_Callidus Cloud Commissions Man/a_Plan Components' successfully

2018-09-10 10:59:16 - [MESSAGE][PASSED] - Scroll to object 'Object Repository/Page_Callidus Cloud Commissions Man/a_Plan Components' successfully

2018-09-10 10:59:16 - [TEST_STEP][PASSED] - delay: Delayed 2 second(s)

2018-09-10 10:59:18 - [MESSAGE][PASSED] - Delayed 2 second(s)

2018-09-10 10:59:18 - [TEST_STEP][PASSED] - scrollToElement: Scroll to object 'Object Repository/Page_Callidus Cloud Commissions Man/a_Variables' successfully

2018-09-10 10:59:18 - [MESSAGE][PASSED] - Scroll to object 'Object Repository/Page_Callidus Cloud Commissions Man/a_Variables' successfully

2018-09-10 10:59:18 - [TEST_STEP][PASSED] - delay: Delayed 2 second(s)

2018-09-10 10:59:20 - [MESSAGE][PASSED] - Delayed 2 second(s)

2018-09-10 10:59:20 - [TEST_STEP][PASSED] - click: Object: 'Object Repository/Page_Callidus Cloud Commissions Man/a_Variables' is clicked on

2018-09-10 10:59:20 - [MESSAGE][PASSED] - Object: 'Object Repository/Page_Callidus Cloud Commissions Man/a_Variables' is clicked on

2018-09-10 10:59:20 - [TEST_STEP][PASSED] - delay: Delayed 2 second(s)

2018-09-10 10:59:22 - [MESSAGE][PASSED] - Delayed 2 second(s)

2018-09-10 10:59:22 - [TEST_STEP][PASSED] - click: Object: 'Object Repository/Page_Callidus Cloud Commissions Man/a_Advanced Search' is clicked on

2018-09-10 10:59:22 - [MESSAGE][PASSED] - Object: 'Object Repository/Page_Callidus Cloud Commissions Man/a_Advanced Search' is clicked on

2018-09-10 10:59:22 - [TEST_STEP][PASSED] - click: Object: 'Object Repository/Page_Callidus Cloud Commissions Man/td_Field Name' is clicked on

2018-09-10 10:59:23 - [MESSAGE][PASSED] - Object: 'Object Repository/Page_Callidus Cloud Commissions Man/td_Field Name' is clicked on

2018-09-10 10:59:23 - [TEST_STEP][PASSED] - scrollToElement: Scroll to object 'Object Repository/Page_Callidus Cloud Commissions Man/option_Variables' successfully

2018-09-10 10:59:23 - [MESSAGE][PASSED] - Scroll to object 'Object Repository/Page_Callidus Cloud Commissions Man/option_Variables' successfully

2018-09-10 10:59:23 - [TEST_STEP][PASSED] - delay: Delayed 2 second(s)

2018-09-10 10:59:25 - [MESSAGE][PASSED] - Delayed 2 second(s)

2018-09-10 10:59:25 - [TEST_STEP][PASSED] - click: Object: 'Object Repository/Page_Callidus Cloud Commissions Man/option_Variables' is clicked on

2018-09-10 10:59:25 - [MESSAGE][PASSED] - Object: 'Object Repository/Page_Callidus Cloud Commissions Man/option_Variables' is clicked on

2018-09-10 10:59:25 - [TEST_STEP][PASSED] - click: Object: 'Object Repository/Page_Callidus Cloud Commissions Man/td_Comparision' is clicked on

2018-09-10 10:59:25 - [MESSAGE][PASSED] - Object: 'Object Repository/Page_Callidus Cloud Commissions Man/td_Comparision' is clicked on

2018-09-10 10:59:25 - [TEST_STEP][PASSED] - scrollToElement: Scroll to object 'Object Repository/Page_Callidus Cloud Commissions Man/option_Equals' successfully

2018-09-10 10:59:25 - [MESSAGE][PASSED] - Scroll to object 'Object Repository/Page_Callidus Cloud Commissions Man/option_Equals' successfully

2018-09-10 10:59:25 - [TEST_STEP][PASSED] - delay: Delayed 2 second(s)

2018-09-10 10:59:27 - [MESSAGE][PASSED] - Delayed 2 second(s)

2018-09-10 10:59:27 - [TEST_STEP][PASSED] - click: Object: 'Object Repository/Page_Callidus Cloud Commissions Man/option_Equals' is clicked on

2018-09-10 10:59:28 - [MESSAGE][PASSED] - Object: 'Object Repository/Page_Callidus Cloud Commissions Man/option_Equals' is clicked on

2018-09-10 10:59:28 - [TEST_STEP][PASSED] - delay: Delayed 2 second(s)

2018-09-10 10:59:30 - [MESSAGE][PASSED] - Delayed 2 second(s)

2018-09-10 10:59:30 - [TEST_STEP][PASSED] - setText: Text 'Var_T_Demo3' is set on object 'Object Repository/Page_Callidus Cloud Commissions Man/td_Value'

2018-09-10 10:59:30 - [MESSAGE][PASSED] - Text 'Var_T_Demo3' is set on object 'Object Repository/Page_Callidus Cloud Commissions Man/td_Value'

2018-09-10 10:59:30 - [TEST_STEP][PASSED] - click: Object: 'Object Repository/Page_Callidus Cloud Commissions Man/input_Apply Search' is clicked on

2018-09-10 10:59:30 - [MESSAGE][PASSED] - Object: 'Object Repository/Page_Callidus Cloud Commissions Man/input_Apply Search' is clicked on

2018-09-10 10:59:30 - [TEST_STEP][PASSED] - delay: Delayed 5 second(s)

2018-09-10 10:59:35 - [MESSAGE][PASSED] - Delayed 5 second(s)

2018-09-10 10:59:35 - [TEST_STEP][NOT_RUN] - callTestCase: NOT_RUN: callTestCase

2018-09-10 10:59:35 - [MESSAGE][NOT_RUN] - NOT_RUN: callTestCase]]></system-out>
         <system-err><![CDATA[]]></system-err>
      </testcase>
      <testcase name="Test Cases/UnitType exists in the system" classname="Test Cases/UnitType exists in the system" status="PASSED">
         <system-out><![CDATA[2018-09-10 10:59:35 - [TEST_CASE][PASSED] - Test Cases/UnitType exists in the system: Test Cases/UnitType exists in the system

2018-09-10 10:59:35 - [TEST_STEP][NOT_RUN] - callTestCase: NOT_RUN: callTestCase

2018-09-10 10:59:35 - [MESSAGE][NOT_RUN] - NOT_RUN: callTestCase

2018-09-10 10:59:35 - [TEST_STEP][PASSED] - mouseOver: Object: 'Object Repository/Page_Callidus Cloud Commissions Man/div_ADMINISTRATION' is hovered

2018-09-10 10:59:35 - [MESSAGE][PASSED] - Object: 'Object Repository/Page_Callidus Cloud Commissions Man/div_ADMINISTRATION' is hovered

2018-09-10 10:59:35 - [TEST_STEP][PASSED] - delay: Delayed 3 second(s)

2018-09-10 10:59:38 - [MESSAGE][PASSED] - Delayed 3 second(s)

2018-09-10 10:59:38 - [TEST_STEP][PASSED] - scrollToElement: Scroll to object 'Object Repository/Page_Callidus Cloud Commissions Man/a_Unit Types' successfully

2018-09-10 10:59:38 - [MESSAGE][PASSED] - Scroll to object 'Object Repository/Page_Callidus Cloud Commissions Man/a_Unit Types' successfully

2018-09-10 10:59:38 - [TEST_STEP][PASSED] - delay: Delayed 3 second(s)

2018-09-10 10:59:41 - [MESSAGE][PASSED] - Delayed 3 second(s)

2018-09-10 10:59:42 - [TEST_STEP][PASSED] - click: Object: 'Object Repository/Page_Callidus Cloud Commissions Man/a_Unit Types' is clicked on

2018-09-10 10:59:42 - [MESSAGE][PASSED] - Object: 'Object Repository/Page_Callidus Cloud Commissions Man/a_Unit Types' is clicked on

2018-09-10 10:59:42 - [TEST_STEP][PASSED] - setText: Text 'USD' is set on object 'Object Repository/Page_Callidus Cloud Commissions Man/input_Enter Search Terms'

2018-09-10 10:59:42 - [MESSAGE][PASSED] - Text 'USD' is set on object 'Object Repository/Page_Callidus Cloud Commissions Man/input_Enter Search Terms'

2018-09-10 10:59:42 - [TEST_STEP][PASSED] - click: Object: 'Object Repository/Page_Callidus Cloud Commissions Man/a_Advanced Search' is clicked on

2018-09-10 10:59:42 - [MESSAGE][PASSED] - Object: 'Object Repository/Page_Callidus Cloud Commissions Man/a_Advanced Search' is clicked on

2018-09-10 10:59:42 - [TEST_STEP][PASSED] - delay: Delayed 3 second(s)

2018-09-10 10:59:45 - [MESSAGE][PASSED] - Delayed 3 second(s)

2018-09-10 10:59:45 - [TEST_STEP][PASSED] - click: Object: 'Object Repository/Page_Callidus Cloud Commissions Man/td_Field Name' is clicked on

2018-09-10 10:59:46 - [MESSAGE][PASSED] - Object: 'Object Repository/Page_Callidus Cloud Commissions Man/td_Field Name' is clicked on

2018-09-10 10:59:46 - [TEST_STEP][PASSED] - scrollToElement: Scroll to object 'Object Repository/Page_Callidus Cloud Commissions Man/a_UnitTypeId' successfully

2018-09-10 10:59:46 - [MESSAGE][PASSED] - Scroll to object 'Object Repository/Page_Callidus Cloud Commissions Man/a_UnitTypeId' successfully

2018-09-10 10:59:46 - [TEST_STEP][PASSED] - delay: Delayed 2 second(s)

2018-09-10 10:59:48 - [MESSAGE][PASSED] - Delayed 2 second(s)

2018-09-10 10:59:48 - [TEST_STEP][PASSED] - click: Object: 'Object Repository/Page_Callidus Cloud Commissions Man/a_UnitTypeId' is clicked on

2018-09-10 10:59:48 - [MESSAGE][PASSED] - Object: 'Object Repository/Page_Callidus Cloud Commissions Man/a_UnitTypeId' is clicked on

2018-09-10 10:59:48 - [TEST_STEP][PASSED] - click: Object: 'Object Repository/Page_Callidus Cloud Commissions Man/td_Comparision' is clicked on

2018-09-10 10:59:48 - [MESSAGE][PASSED] - Object: 'Object Repository/Page_Callidus Cloud Commissions Man/td_Comparision' is clicked on

2018-09-10 10:59:48 - [TEST_STEP][PASSED] - scrollToElement: Scroll to object 'Object Repository/Page_Callidus Cloud Commissions Man/option_Equals' successfully

2018-09-10 10:59:48 - [MESSAGE][PASSED] - Scroll to object 'Object Repository/Page_Callidus Cloud Commissions Man/option_Equals' successfully

2018-09-10 10:59:48 - [TEST_STEP][PASSED] - delay: Delayed 2 second(s)

2018-09-10 10:59:50 - [MESSAGE][PASSED] - Delayed 2 second(s)

2018-09-10 10:59:50 - [TEST_STEP][PASSED] - click: Object: 'Object Repository/Page_Callidus Cloud Commissions Man/option_Equals' is clicked on

2018-09-10 10:59:50 - [MESSAGE][PASSED] - Object: 'Object Repository/Page_Callidus Cloud Commissions Man/option_Equals' is clicked on

2018-09-10 10:59:50 - [TEST_STEP][PASSED] - setText: Text 'USD' is set on object 'Object Repository/Page_Callidus Cloud Commissions Man/td_Value'

2018-09-10 10:59:50 - [MESSAGE][PASSED] - Text 'USD' is set on object 'Object Repository/Page_Callidus Cloud Commissions Man/td_Value'

2018-09-10 10:59:50 - [TEST_STEP][PASSED] - delay: Delayed 2 second(s)

2018-09-10 10:59:52 - [MESSAGE][PASSED] - Delayed 2 second(s)

2018-09-10 10:59:52 - [TEST_STEP][PASSED] - click: Object: 'Object Repository/Page_Callidus Cloud Commissions Man/input_Apply Search' is clicked on

2018-09-10 10:59:53 - [MESSAGE][PASSED] - Object: 'Object Repository/Page_Callidus Cloud Commissions Man/input_Apply Search' is clicked on

2018-09-10 10:59:53 - [TEST_STEP][NOT_RUN] - callTestCase: NOT_RUN: callTestCase

2018-09-10 10:59:53 - [MESSAGE][NOT_RUN] - NOT_RUN: callTestCase]]></system-out>
         <system-err><![CDATA[]]></system-err>
      </testcase>
      <testcase name="Test Cases/Commission Logout" classname="Test Cases/Commission Logout" status="PASSED">
         <system-out><![CDATA[2018-09-10 10:59:53 - [TEST_CASE][PASSED] - Test Cases/Commission Logout: Test Cases/Commission Logout

2018-09-10 10:59:53 - [TEST_STEP][PASSED] - click: Object: 'Object Repository/Page_Callidus Cloud Commissions Man/span_rkulkarncalliduscloud.com' is clicked on

2018-09-10 10:59:53 - [MESSAGE][PASSED] - Object: 'Object Repository/Page_Callidus Cloud Commissions Man/span_rkulkarncalliduscloud.com' is clicked on

2018-09-10 10:59:53 - [TEST_STEP][PASSED] - click: Object: 'Object Repository/Page_Callidus Cloud Commissions Man/div_Logout' is clicked on

2018-09-10 10:59:54 - [MESSAGE][PASSED] - Object: 'Object Repository/Page_Callidus Cloud Commissions Man/div_Logout' is clicked on

2018-09-10 10:59:54 - [TEST_STEP][PASSED] - closeBrowser: Browser is closed

2018-09-10 10:59:55 - [MESSAGE][PASSED] - Browser is closed]]></system-out>
         <system-err><![CDATA[]]></system-err>
      </testcase>
      <system-out><![CDATA[2018-09-10 10:52:02 - [TEST_SUITE][FAILED] - TestDemo: Test Cases/Position Groups exist in the system FAILED because (of) Unable to click on object 'Object Repository/Page_Callidus Cloud Commissions Man/a_Advanced Search' (Root cause: org.openqa.selenium.WebDriverException: unknown error: Element <a href="javascript:void(0)" data-ember-action="9250" id="advanced-search" class="selected">...</a> is not clickable at point (1484, 93). Other element would receive the click: <a href="javascript:void(0)">...</a>
  (Session info: chrome=68.0.3440.106)
  (Driver info: chromedriver=2.35.528161 (5b82f2d2aae0ca24b877009200ced9065a772e73),platform=Windows NT 10.0.17134 x86_64) (WARNING: The server did not provide any stacktrace information)
Command duration or timeout: 0 milliseconds
Build info: version: '3.7.1', revision: '8a0099a', time: '2017-11-06T21:07:36.161Z'
System info: host: 'KIKOSANA-T450S', ip: '10.125.199.25', os.name: 'Windows 10', os.arch: 'amd64', os.version: '10.0', java.version: '1.8.0_181'
Driver info: com.kms.katalon.selenium.driver.CChromeDriver
Capabilities {acceptInsecureCerts: false, acceptSslCerts: false, applicationCacheEnabled: false, browserConnectionEnabled: false, browserName: chrome, chrome: {chromedriverVersion: 2.35.528161 (5b82f2d2aae0ca..., userDataDir: C:\Users\kikosana\AppData\L...}, cssSelectorsEnabled: true, databaseEnabled: false, handlesAlerts: true, hasTouchScreen: false, javascriptEnabled: true, locationContextEnabled: true, mobileEmulationEnabled: false, nativeEvents: true, networkConnectionEnabled: false, pageLoadStrategy: normal, platform: XP, platformName: XP, rotatable: false, setWindowRect: true, takesHeapSnapshot: true, takesScreenshot: true, unexpectedAlertBehaviour: , unhandledPromptBehavior: , version: 68.0.3440.106, webStorageEnabled: true}
Session ID: 919fde7521739faf36b97aff6c2db3b4)]]></system-out>
      <system-err><![CDATA[2018-09-10 10:52:02 - [TEST_SUITE][FAILED] - TestDemo: Test Cases/Position Groups exist in the system FAILED because (of) Unable to click on object 'Object Repository/Page_Callidus Cloud Commissions Man/a_Advanced Search' (Root cause: org.openqa.selenium.WebDriverException: unknown error: Element <a href="javascript:void(0)" data-ember-action="9250" id="advanced-search" class="selected">...</a> is not clickable at point (1484, 93). Other element would receive the click: <a href="javascript:void(0)">...</a>
  (Session info: chrome=68.0.3440.106)
  (Driver info: chromedriver=2.35.528161 (5b82f2d2aae0ca24b877009200ced9065a772e73),platform=Windows NT 10.0.17134 x86_64) (WARNING: The server did not provide any stacktrace information)
Command duration or timeout: 0 milliseconds
Build info: version: '3.7.1', revision: '8a0099a', time: '2017-11-06T21:07:36.161Z'
System info: host: 'KIKOSANA-T450S', ip: '10.125.199.25', os.name: 'Windows 10', os.arch: 'amd64', os.version: '10.0', java.version: '1.8.0_181'
Driver info: com.kms.katalon.selenium.driver.CChromeDriver
Capabilities {acceptInsecureCerts: false, acceptSslCerts: false, applicationCacheEnabled: false, browserConnectionEnabled: false, browserName: chrome, chrome: {chromedriverVersion: 2.35.528161 (5b82f2d2aae0ca..., userDataDir: C:\Users\kikosana\AppData\L...}, cssSelectorsEnabled: true, databaseEnabled: false, handlesAlerts: true, hasTouchScreen: false, javascriptEnabled: true, locationContextEnabled: true, mobileEmulationEnabled: false, nativeEvents: true, networkConnectionEnabled: false, pageLoadStrategy: normal, platform: XP, platformName: XP, rotatable: false, setWindowRect: true, takesHeapSnapshot: true, takesScreenshot: true, unexpectedAlertBehaviour: , unhandledPromptBehavior: , version: 68.0.3440.106, webStorageEnabled: true}
Session ID: 919fde7521739faf36b97aff6c2db3b4)]]></system-err>
   </testsuite>
</testsuites>
